This file contains any messages produced by compilers while
running configure, to aid debugging if configure makes a mistake.

It was created by clutter configure 1.26.1, which was
generated by GNU Autoconf 2.69.  Invocation command line was

  $ ./configure --disable-option-checking --prefix=/usr --build=x86_64-linux-gnu --includedir=${prefix}/include --mandir=${prefix}/share/man --infodir=${prefix}/share/info --sysconfdir=/etc --localstatedir=/var --libdir=${prefix}/lib/x86_64-linux-gnu --libexecdir=${prefix}/lib/x86_64-linux-gnu --disable-maintainer-mode --disable-dependency-tracking --libexecdir=${prefix}/libexec --disable-static --enable-startup-notification=yes --disable-silent-rules --enable-gtk-doc --disable-clutter-doc build_alias=x86_64-linux-gnu CFLAGS=-g -O2 -fdebug-prefix-map=/home/kylis/Desktop/src/muffin-4.6.3+ulyana=. -fstack-protector-strong -Wformat -Werror=format-security LDFLAGS=-Wl,-Bsymbolic-functions -Wl,-z,relro -Wl,--as-needed CPPFLAGS=-Wdate-time -D_FORTIFY_SOURCE=2 --cache-file=/dev/null --srcdir=.

## --------- ##
## Platform. ##
## --------- ##

hostname = Walkure
uname -m = x86_64
uname -r = 5.4.0-54-generic
uname -s = Linux
uname -v = #60-Ubuntu SMP Fri Nov 6 10:37:59 UTC 2020

/usr/bin/uname -p = unknown
/bin/uname -X     = unknown

/bin/arch              = unknown
/usr/bin/arch -k       = unknown
/usr/convex/getsysinfo = unknown
/usr/bin/hostinfo      = unknown
/bin/machine           = unknown
/usr/bin/oslevel       = unknown
/bin/universe          = unknown

PATH: /home/kylis/.local/bin
PATH: /usr/local/sbin
PATH: /usr/local/bin
PATH: /usr/sbin
PATH: /usr/bin
PATH: /sbin
PATH: /bin
PATH: /usr/games
PATH: /usr/local/games
PATH: /snap/bin
PATH: /home/kylis/my_bin


## ----------- ##
## Core tests. ##
## ----------- ##

configure:2530: checking for a BSD-compatible install
configure:2598: result: /usr/bin/install -c
configure:2609: checking whether build environment is sane
configure:2664: result: yes
configure:2813: checking for a thread-safe mkdir -p
configure:2852: result: /bin/mkdir -p
configure:2859: checking for gawk
configure:2875: found /usr/bin/gawk
configure:2886: result: gawk
configure:2897: checking whether make sets $(MAKE)
configure:2919: result: yes
configure:2948: checking whether make supports nested variables
configure:2965: result: yes
configure:3045: checking whether UID '1000' is supported by ustar format
configure:3048: result: yes
configure:3055: checking whether GID '1000' is supported by ustar format
configure:3058: result: yes
configure:3066: checking how to create a ustar tar archive
configure:3077: tar --version
tar (GNU tar) 1.30
Copyright (C) 2017 Free Software Foundation, Inc.
License GPLv3+: GNU GPL version 3 or later <https://gnu.org/licenses/gpl.html>.
This is free software: you are free to change and redistribute it.
There is NO WARRANTY, to the extent permitted by law.

Written by John Gilmore and Jay Fenlason.
configure:3080: $? = 0
configure:3120: tardir=conftest.dir && eval tar --format=ustar -chf - "$tardir" >conftest.tar
configure:3123: $? = 0
configure:3127: tar -xf - <conftest.tar
configure:3130: $? = 0
configure:3132: cat conftest.dir/file
GrepMe
configure:3135: $? = 0
configure:3148: result: gnutar
configure:3209: checking whether make supports nested variables
configure:3226: result: yes
configure:3272: checking for a sed that does not truncate output
configure:3336: result: /bin/sed
configure:3347: checking build system type
configure:3361: result: x86_64-pc-linux-gnu
configure:3381: checking host system type
configure:3394: result: x86_64-pc-linux-gnu
configure:3505: checking whether make supports the include directive
configure:3520: make -f confmf.GNU && cat confinc.out
make[2]: Entering directory '/home/kylis/Desktop/src/muffin-4.6.3+ulyana/clutter'
make[2]: Leaving directory '/home/kylis/Desktop/src/muffin-4.6.3+ulyana/clutter'
this is the am__doit target
configure:3523: $? = 0
configure:3542: result: yes (GNU style)
configure:3612: checking for gcc
configure:3628: found /usr/bin/gcc
configure:3639: result: gcc
configure:3868: checking for C compiler version
configure:3877: gcc --version >&5
gcc (Ubuntu 9.3.0-17ubuntu1~20.04) 9.3.0
Copyright (C) 2019 Free Software Foundation, Inc.
This is free software; see the source for copying conditions.  There is NO
warranty; not even for MERCHANTABILITY or FITNESS FOR A PARTICULAR PURPOSE.

configure:3888: $? = 0
configure:3877: gcc -v >&5
Using built-in specs.
COLLECT_GCC=gcc
COLLECT_LTO_WRAPPER=/usr/lib/gcc/x86_64-linux-gnu/9/lto-wrapper
OFFLOAD_TARGET_NAMES=nvptx-none:hsa
OFFLOAD_TARGET_DEFAULT=1
Target: x86_64-linux-gnu
Configured with: ../src/configure -v --with-pkgversion='Ubuntu 9.3.0-17ubuntu1~20.04' --with-bugurl=file:///usr/share/doc/gcc-9/README.Bugs --enable-languages=c,ada,c++,go,brig,d,fortran,objc,obj-c++,gm2 --prefix=/usr --with-gcc-major-version-only --program-suffix=-9 --program-prefix=x86_64-linux-gnu- --enable-shared --enable-linker-build-id --libexecdir=/usr/lib --without-included-gettext --enable-threads=posix --libdir=/usr/lib --enable-nls --enable-clocale=gnu --enable-libstdcxx-debug --enable-libstdcxx-time=yes --with-default-libstdcxx-abi=new --enable-gnu-unique-object --disable-vtable-verify --enable-plugin --enable-default-pie --with-system-zlib --with-target-system-zlib=auto --enable-objc-gc=auto --enable-multiarch --disable-werror --with-arch-32=i686 --with-abi=m64 --with-multilib-list=m32,m64,mx32 --enable-multilib --with-tune=generic --enable-offload-targets=nvptx-none=/build/gcc-9-HskZEa/gcc-9-9.3.0/debian/tmp-nvptx/usr,hsa --without-cuda-driver --enable-checking=release --build=x86_64-linux-gnu --host=x86_64-linux-gnu --target=x86_64-linux-gnu
Thread model: posix
gcc version 9.3.0 (Ubuntu 9.3.0-17ubuntu1~20.04) 
configure:3888: $? = 0
configure:3877: gcc -V >&5
gcc: error: unrecognized command line option '-V'
gcc: fatal error: no input files
compilation terminated.
configure:3888: $? = 1
configure:3877: gcc -qversion >&5
gcc: error: unrecognized command line option '-qversion'; did you mean '--version'?
gcc: fatal error: no input files
compilation terminated.
configure:3888: $? = 1
configure:3908: checking whether the C compiler works
configure:3930: gcc -g -O2 -fdebug-prefix-map=/home/kylis/Desktop/src/muffin-4.6.3+ulyana=. -fstack-protector-strong -Wformat -Werror=format-security -Wdate-time -D_FORTIFY_SOURCE=2 -Wl,-Bsymbolic-functions -Wl,-z,relro -Wl,--as-needed conftest.c  >&5
configure:3934: $? = 0
configure:3982: result: yes
configure:3985: checking for C compiler default output file name
configure:3987: result: a.out
configure:3993: checking for suffix of executables
configure:4000: gcc -o conftest -g -O2 -fdebug-prefix-map=/home/kylis/Desktop/src/muffin-4.6.3+ulyana=. -fstack-protector-strong -Wformat -Werror=format-security -Wdate-time -D_FORTIFY_SOURCE=2 -Wl,-Bsymbolic-functions -Wl,-z,relro -Wl,--as-needed conftest.c  >&5
configure:4004: $? = 0
configure:4026: result: 
configure:4048: checking whether we are cross compiling
configure:4056: gcc -o conftest -g -O2 -fdebug-prefix-map=/home/kylis/Desktop/src/muffin-4.6.3+ulyana=. -fstack-protector-strong -Wformat -Werror=format-security -Wdate-time -D_FORTIFY_SOURCE=2 -Wl,-Bsymbolic-functions -Wl,-z,relro -Wl,--as-needed conftest.c  >&5
configure:4060: $? = 0
configure:4067: ./conftest
configure:4071: $? = 0
configure:4059: result: no
configure:4064: checking for suffix of object files
configure:4086: gcc -c -g -O2 -fdebug-prefix-map=/home/kylis/Desktop/src/muffin-4.6.3+ulyana=. -fstack-protector-strong -Wformat -Werror=format-security -Wdate-time -D_FORTIFY_SOURCE=2 conftest.c >&5
configure:4090: $? = 0
configure:4111: result: o
configure:4115: checking whether we are using the GNU C compiler
configure:4134: gcc -c -g -O2 -fdebug-prefix-map=/home/kylis/Desktop/src/muffin-4.6.3+ulyana=. -fstack-protector-strong -Wformat -Werror=format-security -Wdate-time -D_FORTIFY_SOURCE=2 conftest.c >&5
configure:4134: $? = 0
configure:4143: result: yes
configure:4152: checking whether gcc accepts -g
configure:4172: gcc -c -g -Wdate-time -D_FORTIFY_SOURCE=2 conftest.c >&5
configure:4172: $? = 0
configure:4213: result: yes
configure:4230: checking for gcc option to accept ISO C89
configure:4293: gcc  -c -g -O2 -fdebug-prefix-map=/home/kylis/Desktop/src/muffin-4.6.3+ulyana=. -fstack-protector-strong -Wformat -Werror=format-security -Wdate-time -D_FORTIFY_SOURCE=2 conftest.c >&5
configure:4293: $? = 0
configure:4306: result: none needed
configure:4331: checking whether gcc understands -c and -o together
configure:4353: gcc -c conftest.c -o conftest2.o
configure:4356: $? = 0
configure:4353: gcc -c conftest.c -o conftest2.o
configure:4356: $? = 0
configure:4368: result: yes
configure:4387: checking dependency style of gcc
configure:4498: result: none
configure:4563: checking how to print strings
configure:4590: result: printf
configure:4611: checking for a sed that does not truncate output
configure:4675: result: /bin/sed
configure:4693: checking for grep that handles long lines and -e
configure:4751: result: /bin/grep
configure:4756: checking for egrep
configure:4818: result: /bin/grep -E
configure:4823: checking for fgrep
configure:4885: result: /bin/grep -F
configure:4920: checking for ld used by gcc
configure:4987: result: /usr/bin/ld
configure:4994: checking if the linker (/usr/bin/ld) is GNU ld
configure:5009: result: yes
configure:5021: checking for BSD- or MS-compatible name lister (nm)
configure:5075: result: /usr/bin/nm -B
configure:5205: checking the name lister (/usr/bin/nm -B) interface
configure:5212: gcc -c -g -O2 -fdebug-prefix-map=/home/kylis/Desktop/src/muffin-4.6.3+ulyana=. -fstack-protector-strong -Wformat -Werror=format-security -Wdate-time -D_FORTIFY_SOURCE=2 conftest.c >&5
configure:5215: /usr/bin/nm -B "conftest.o"
configure:5218: output
0000000000000000 B some_variable
configure:5219: result: BSD nm
configure:5222: checking whether ln -s works
configure:5226: result: yes
configure:5234: checking the maximum length of command line arguments
configure:5365: result: 1572864
configure:5413: checking how to convert x86_64-pc-linux-gnu file names to x86_64-pc-linux-gnu format
configure:5453: result: func_convert_file_noop
configure:5460: checking how to convert x86_64-pc-linux-gnu file names to toolchain format
configure:5480: result: func_convert_file_noop
configure:5487: checking for /usr/bin/ld option to reload object files
configure:5494: result: -r
configure:5568: checking for objdump
configure:5584: found /usr/bin/objdump
configure:5595: result: objdump
configure:5627: checking how to recognize dependent libraries
configure:5827: result: pass_all
configure:5912: checking for dlltool
configure:5942: result: no
configure:5972: checking how to associate runtime and link libraries
configure:5999: result: printf %s\n
configure:6060: checking for ar
configure:6076: found /usr/bin/ar
configure:6087: result: ar
configure:6124: checking for archiver @FILE support
configure:6141: gcc -c -g -O2 -fdebug-prefix-map=/home/kylis/Desktop/src/muffin-4.6.3+ulyana=. -fstack-protector-strong -Wformat -Werror=format-security -Wdate-time -D_FORTIFY_SOURCE=2 conftest.c >&5
configure:6141: $? = 0
configure:6144: ar cr libconftest.a @conftest.lst >&5
configure:6147: $? = 0
configure:6152: ar cr libconftest.a @conftest.lst >&5
ar: conftest.o: No such file or directory
configure:6155: $? = 1
configure:6154: result: @
configure:6212: checking for strip
configure:6228: found /usr/bin/strip
configure:6239: result: strip
configure:6311: checking for ranlib
configure:6327: found /usr/bin/ranlib
configure:6338: result: ranlib
configure:6440: checking command to parse /usr/bin/nm -B output from gcc object
configure:6593: gcc -c -g -O2 -fdebug-prefix-map=/home/kylis/Desktop/src/muffin-4.6.3+ulyana=. -fstack-protector-strong -Wformat -Werror=format-security -Wdate-time -D_FORTIFY_SOURCE=2 conftest.c >&5
configure:6596: $? = 0
configure:6600: /usr/bin/nm -B conftest.o | sed -n -e 's/^.*[	 ]\([ABCDGIRSTW][ABCDGIRSTW]*\)[	 ][	 ]*\([_A-Za-z][_A-Za-z0-9]*\)$/\1 \2 \2/p' | sed '/ __gnu_lto/d' > conftest.nm
configure:6666: gcc -o conftest -g -O2 -fdebug-prefix-map=/home/kylis/Desktop/src/muffin-4.6.3+ulyana=. -fstack-protector-strong -Wformat -Werror=format-security -Wdate-time -D_FORTIFY_SOURCE=2 -Wl,-Bsymbolic-functions -Wl,-z,relro -Wl,--as-needed conftest.c conftstm.o >&5
configure:6669: $? = 0
configure:6707: result: ok
configure:6754: checking for sysroot
configure:6784: result: no
configure:6791: checking for a working dd
configure:6829: result: /bin/dd
configure:6833: checking how to truncate binary pipes
configure:6848: result: /bin/dd bs=4096 count=1
configure:6984: gcc -c -g -O2 -fdebug-prefix-map=/home/kylis/Desktop/src/muffin-4.6.3+ulyana=. -fstack-protector-strong -Wformat -Werror=format-security -Wdate-time -D_FORTIFY_SOURCE=2 conftest.c >&5
configure:6987: $? = 0
configure:7177: checking for mt
configure:7193: found /bin/mt
configure:7204: result: mt
configure:7227: checking if mt is a manifest tool
configure:7233: mt '-?'
configure:7241: result: no
configure:7918: checking how to run the C preprocessor
configure:7949: gcc -E -Wdate-time -D_FORTIFY_SOURCE=2 conftest.c
configure:7949: $? = 0
configure:7963: gcc -E -Wdate-time -D_FORTIFY_SOURCE=2 conftest.c
conftest.c:10:10: fatal error: ac_nonexistent.h: No such file or directory
   10 | #include <ac_nonexistent.h>
      |          ^~~~~~~~~~~~~~~~~~
compilation terminated.
configure:7963: $? = 1
configure: failed program was:
| /* confdefs.h */
| #define PACKAGE_NAME "clutter"
| #define PACKAGE_TARNAME "clutter"
| #define PACKAGE_VERSION "1.26.1"
| #define PACKAGE_STRING "clutter 1.26.1"
| #define PACKAGE_BUGREPORT "http://bugzilla.gnome.org/enter_bug.cgi?product=clutter"
| #define PACKAGE_URL "http://www.clutter-project.org"
| #define OS_LINUX 1
| /* end confdefs.h.  */
| #include <ac_nonexistent.h>
configure:7988: result: gcc -E
configure:8008: gcc -E -Wdate-time -D_FORTIFY_SOURCE=2 conftest.c
configure:8008: $? = 0
configure:8022: gcc -E -Wdate-time -D_FORTIFY_SOURCE=2 conftest.c
conftest.c:10:10: fatal error: ac_nonexistent.h: No such file or directory
   10 | #include <ac_nonexistent.h>
      |          ^~~~~~~~~~~~~~~~~~
compilation terminated.
configure:8022: $? = 1
configure: failed program was:
| /* confdefs.h */
| #define PACKAGE_NAME "clutter"
| #define PACKAGE_TARNAME "clutter"
| #define PACKAGE_VERSION "1.26.1"
| #define PACKAGE_STRING "clutter 1.26.1"
| #define PACKAGE_BUGREPORT "http://bugzilla.gnome.org/enter_bug.cgi?product=clutter"
| #define PACKAGE_URL "http://www.clutter-project.org"
| #define OS_LINUX 1
| /* end confdefs.h.  */
| #include <ac_nonexistent.h>
configure:8051: checking for ANSI C header files
configure:8071: gcc -c -g -O2 -fdebug-prefix-map=/home/kylis/Desktop/src/muffin-4.6.3+ulyana=. -fstack-protector-strong -Wformat -Werror=format-security -Wdate-time -D_FORTIFY_SOURCE=2 conftest.c >&5
configure:8071: $? = 0
configure:8144: gcc -o conftest -g -O2 -fdebug-prefix-map=/home/kylis/Desktop/src/muffin-4.6.3+ulyana=. -fstack-protector-strong -Wformat -Werror=format-security -Wdate-time -D_FORTIFY_SOURCE=2 -Wl,-Bsymbolic-functions -Wl,-z,relro -Wl,--as-needed conftest.c  >&5
configure:8144: $? = 0
configure:8144: ./conftest
configure:8144: $? = 0
configure:8155: result: yes
configure:8168: checking for sys/types.h
configure:8168: gcc -c -g -O2 -fdebug-prefix-map=/home/kylis/Desktop/src/muffin-4.6.3+ulyana=. -fstack-protector-strong -Wformat -Werror=format-security -Wdate-time -D_FORTIFY_SOURCE=2 conftest.c >&5
configure:8168: $? = 0
configure:8168: result: yes
configure:8168: checking for sys/stat.h
configure:8168: gcc -c -g -O2 -fdebug-prefix-map=/home/kylis/Desktop/src/muffin-4.6.3+ulyana=. -fstack-protector-strong -Wformat -Werror=format-security -Wdate-time -D_FORTIFY_SOURCE=2 conftest.c >&5
configure:8168: $? = 0
configure:8168: result: yes
configure:8168: checking for stdlib.h
configure:8168: gcc -c -g -O2 -fdebug-prefix-map=/home/kylis/Desktop/src/muffin-4.6.3+ulyana=. -fstack-protector-strong -Wformat -Werror=format-security -Wdate-time -D_FORTIFY_SOURCE=2 conftest.c >&5
configure:8168: $? = 0
configure:8168: result: yes
configure:8168: checking for string.h
configure:8168: gcc -c -g -O2 -fdebug-prefix-map=/home/kylis/Desktop/src/muffin-4.6.3+ulyana=. -fstack-protector-strong -Wformat -Werror=format-security -Wdate-time -D_FORTIFY_SOURCE=2 conftest.c >&5
configure:8168: $? = 0
configure:8168: result: yes
configure:8168: checking for memory.h
configure:8168: gcc -c -g -O2 -fdebug-prefix-map=/home/kylis/Desktop/src/muffin-4.6.3+ulyana=. -fstack-protector-strong -Wformat -Werror=format-security -Wdate-time -D_FORTIFY_SOURCE=2 conftest.c >&5
configure:8168: $? = 0
configure:8168: result: yes
configure:8168: checking for strings.h
configure:8168: gcc -c -g -O2 -fdebug-prefix-map=/home/kylis/Desktop/src/muffin-4.6.3+ulyana=. -fstack-protector-strong -Wformat -Werror=format-security -Wdate-time -D_FORTIFY_SOURCE=2 conftest.c >&5
configure:8168: $? = 0
configure:8168: result: yes
configure:8168: checking for inttypes.h
configure:8168: gcc -c -g -O2 -fdebug-prefix-map=/home/kylis/Desktop/src/muffin-4.6.3+ulyana=. -fstack-protector-strong -Wformat -Werror=format-security -Wdate-time -D_FORTIFY_SOURCE=2 conftest.c >&5
configure:8168: $? = 0
configure:8168: result: yes
configure:8168: checking for stdint.h
configure:8168: gcc -c -g -O2 -fdebug-prefix-map=/home/kylis/Desktop/src/muffin-4.6.3+ulyana=. -fstack-protector-strong -Wformat -Werror=format-security -Wdate-time -D_FORTIFY_SOURCE=2 conftest.c >&5
configure:8168: $? = 0
configure:8168: result: yes
configure:8168: checking for unistd.h
configure:8168: gcc -c -g -O2 -fdebug-prefix-map=/home/kylis/Desktop/src/muffin-4.6.3+ulyana=. -fstack-protector-strong -Wformat -Werror=format-security -Wdate-time -D_FORTIFY_SOURCE=2 conftest.c >&5
configure:8168: $? = 0
configure:8168: result: yes
configure:8182: checking for dlfcn.h
configure:8182: gcc -c -g -O2 -fdebug-prefix-map=/home/kylis/Desktop/src/muffin-4.6.3+ulyana=. -fstack-protector-strong -Wformat -Werror=format-security -Wdate-time -D_FORTIFY_SOURCE=2 conftest.c >&5
configure:8182: $? = 0
configure:8182: result: yes
configure:8437: checking for objdir
configure:8452: result: .libs
configure:8716: checking if gcc supports -fno-rtti -fno-exceptions
configure:8734: gcc -c -g -O2 -fdebug-prefix-map=/home/kylis/Desktop/src/muffin-4.6.3+ulyana=. -fstack-protector-strong -Wformat -Werror=format-security -Wdate-time -D_FORTIFY_SOURCE=2 -fno-rtti -fno-exceptions conftest.c >&5
cc1: warning: command line option '-fno-rtti' is valid for C++/D/ObjC++ but not for C
configure:8738: $? = 0
configure:8751: result: no
configure:9115: checking for gcc option to produce PIC
configure:9122: result: -fPIC -DPIC
configure:9130: checking if gcc PIC flag -fPIC -DPIC works
configure:9148: gcc -c -g -O2 -fdebug-prefix-map=/home/kylis/Desktop/src/muffin-4.6.3+ulyana=. -fstack-protector-strong -Wformat -Werror=format-security -Wdate-time -D_FORTIFY_SOURCE=2 -fPIC -DPIC -DPIC conftest.c >&5
configure:9152: $? = 0
configure:9165: result: yes
configure:9194: checking if gcc static flag -static works
configure:9222: result: yes
configure:9237: checking if gcc supports -c -o file.o
configure:9258: gcc -c -g -O2 -fdebug-prefix-map=/home/kylis/Desktop/src/muffin-4.6.3+ulyana=. -fstack-protector-strong -Wformat -Werror=format-security -Wdate-time -D_FORTIFY_SOURCE=2 -o out/conftest2.o conftest.c >&5
configure:9262: $? = 0
configure:9284: result: yes
configure:9292: checking if gcc supports -c -o file.o
configure:9339: result: yes
configure:9372: checking whether the gcc linker (/usr/bin/ld -m elf_x86_64) supports shared libraries
configure:10635: result: yes
configure:10672: checking whether -lc should be explicitly linked in
configure:10680: gcc -c -g -O2 -fdebug-prefix-map=/home/kylis/Desktop/src/muffin-4.6.3+ulyana=. -fstack-protector-strong -Wformat -Werror=format-security -Wdate-time -D_FORTIFY_SOURCE=2 conftest.c >&5
configure:10683: $? = 0
configure:10698: gcc -shared  -fPIC -DPIC conftest.o  -v -Wl,-soname -Wl,conftest -o conftest 2\>\&1 \| /bin/grep  -lc  \>/dev/null 2\>\&1
configure:10701: $? = 0
configure:10715: result: no
configure:10875: checking dynamic linker characteristics
configure:11456: gcc -o conftest -g -O2 -fdebug-prefix-map=/home/kylis/Desktop/src/muffin-4.6.3+ulyana=. -fstack-protector-strong -Wformat -Werror=format-security -Wdate-time -D_FORTIFY_SOURCE=2 -Wl,-Bsymbolic-functions -Wl,-z,relro -Wl,--as-needed -Wl,-rpath -Wl,/foo conftest.c  >&5
configure:11456: $? = 0
configure:11705: result: GNU/Linux ld.so
configure:11827: checking how to hardcode library paths into programs
configure:11852: result: immediate
configure:12400: checking whether stripping libraries is possible
configure:12405: result: yes
configure:12440: checking if libtool supports shared libraries
configure:12442: result: yes
configure:12445: checking whether to build shared libraries
configure:12470: result: yes
configure:12473: checking whether to build static libraries
configure:12477: result: no
configure:9378: checking for cos in -lm
configure:9403: gcc -o conftest -g -O2 -fdebug-prefix-map=/home/kylis/Desktop/src/muffin-4.6.3+ulyana=. -fstack-protector-strong -Wformat -Werror=format-security -Wdate-time -D_FORTIFY_SOURCE=2 -Wl,-Bsymbolic-functions -Wl,-z,relro -Wl,--as-needed conftest.c -lm   >&5
conftest.c:29:6: warning: conflicting types for built-in function 'cos'; expected 'double(double)' [-Wbuiltin-declaration-mismatch]
   29 | char cos ();
      |      ^~~
conftest.c:1:1: note: 'cos' is declared in header '<math.h>'
    1 | /* confdefs.h */
configure:9403: $? = 0
configure:9412: result: yes
configure:9424: checking for ANSI C header files
configure:9528: result: yes
configure:9665: checking for pkg-config
configure:9683: found /usr/bin/pkg-config
configure:9695: result: /usr/bin/pkg-config
configure:9720: checking pkg-config is at least version 0.16
configure:9723: result: yes
configure:9741: checking for GLIB
configure:9748: $PKG_CONFIG --exists --print-errors "$pkg_config_args"
configure:9751: $? = 0
configure:9765: $PKG_CONFIG --exists --print-errors "$pkg_config_args"
configure:9768: $? = 0
configure:9806: result: yes
configure:9816: $PKG_CONFIG --exists --print-errors "glib-2.0"
configure:9819: $? = 0
configure:9839: $PKG_CONFIG --exists --print-errors "glib-2.0"
configure:9842: $? = 0
configure:9862: $PKG_CONFIG --exists --print-errors "glib-2.0"
configure:9865: $? = 0
configure:9885: $PKG_CONFIG --exists --print-errors "gio-2.0"
configure:9888: $? = 0
configure:9904: checking for GLIB - version >= 2.50.3
configure:10009: gcc -o conftest -g -O2 -fdebug-prefix-map=/home/kylis/Desktop/src/muffin-4.6.3+ulyana=. -fstack-protector-strong -Wformat -Werror=format-security -pthread -I/usr/include/libmount -I/usr/include/blkid -I/usr/include/glib-2.0 -I/usr/lib/x86_64-linux-gnu/glib-2.0/include -Wdate-time -D_FORTIFY_SOURCE=2 -Wl,-Bsymbolic-functions -Wl,-z,relro -Wl,--as-needed conftest.c -lgio-2.0 -lgobject-2.0 -lgthread-2.0 -pthread -lgmodule-2.0 -pthread -lglib-2.0  >&5
configure:10009: $? = 0
configure:10009: ./conftest
configure:10009: $? = 0
configure:10023: result: yes (version 2.64.3)
configure:10093: checking for -Bsymbolic-functions linker flag
configure:10107: gcc -o conftest -g -O2 -fdebug-prefix-map=/home/kylis/Desktop/src/muffin-4.6.3+ulyana=. -fstack-protector-strong -Wformat -Werror=format-security -Wdate-time -D_FORTIFY_SOURCE=2 -Wl,-Bsymbolic-functions conftest.c  >&5
configure:10107: $? = 0
configure:10109: result: yes
configure:10136: checking for -fvisibility=hidden compiler flag
configure:10149: gcc -c -fvisibility=hidden -Wdate-time -D_FORTIFY_SOURCE=2 conftest.c >&5
configure:10149: $? = 0
configure:10150: result: yes
configure:10280: $PKG_CONFIG --exists --print-errors "pangoft2"
configure:10283: $? = 0
configure:10473: checking for X11
configure:10478: $PKG_CONFIG --exists --print-errors "x11"
configure:10481: $? = 0
configure:10495: result: found
configure:10717: checking for XEXT extension
configure:10720: $PKG_CONFIG --exists --print-errors "xext"
configure:10723: $? = 0
configure:10739: result: found
configure:10748: checking for XDAMAGE extension
configure:10751: $PKG_CONFIG --exists --print-errors "xdamage"
configure:10754: $? = 0
configure:10770: result: found
configure:10779: checking for XCOMPOSITE extension >= 0.4
configure:10782: $PKG_CONFIG --exists --print-errors "xcomposite >= $XCOMPOSITE_REQ_VERSION"
configure:10785: $? = 0
configure:10801: result: found
configure:10810: checking for XTest extension
configure:10813: $PKG_CONFIG --exists --print-errors "xtst"
configure:10816: $? = 0
configure:10832: result: found
configure:10848: checking for XGetEventData
configure:10848: gcc -o conftest -g -O2 -fdebug-prefix-map=/home/kylis/Desktop/src/muffin-4.6.3+ulyana=. -fstack-protector-strong -Wformat -Werror=format-security -Wdate-time -D_FORTIFY_SOURCE=2  -Wl,-Bsymbolic-functions -Wl,-z,relro -Wl,--as-needed conftest.c  -lX11 -lXext -lXdamage -lXcomposite -lXtst >&5
configure:10848: $? = 0
configure:10848: result: yes
configure:10875: $PKG_CONFIG --exists --print-errors "xi"
configure:10878: $? = 0
configure:10896: checking X11/extensions/XInput2.h usability
configure:10896: gcc -c -g -O2 -fdebug-prefix-map=/home/kylis/Desktop/src/muffin-4.6.3+ulyana=. -fstack-protector-strong -Wformat -Werror=format-security -Wdate-time -D_FORTIFY_SOURCE=2 conftest.c >&5
configure:10896: $? = 0
configure:10896: result: yes
configure:10896: checking X11/extensions/XInput2.h presence
configure:10896: gcc -E -Wdate-time -D_FORTIFY_SOURCE=2 conftest.c
configure:10896: $? = 0
configure:10896: result: yes
configure:10896: checking for X11/extensions/XInput2.h
configure:10896: result: yes
configure:10915: checking for XIAllowTouchEvents
configure:10915: gcc -o conftest -g -O2 -fdebug-prefix-map=/home/kylis/Desktop/src/muffin-4.6.3+ulyana=. -fstack-protector-strong -Wformat -Werror=format-security -Wdate-time -D_FORTIFY_SOURCE=2 -Wl,-Bsymbolic-functions -Wl,-z,relro -Wl,--as-needed conftest.c  -lXi >&5
configure:10915: $? = 0
configure:10915: result: yes
configure:10918: checking for XIScrollClassInfo.number
configure:10918: gcc -c -g -O2 -fdebug-prefix-map=/home/kylis/Desktop/src/muffin-4.6.3+ulyana=. -fstack-protector-strong -Wformat -Werror=format-security -Wdate-time -D_FORTIFY_SOURCE=2 conftest.c >&5
configure:10918: $? = 0
configure:10918: result: yes
configure:10962: checking for XkbQueryExtension
configure:10962: gcc -o conftest -g -O2 -fdebug-prefix-map=/home/kylis/Desktop/src/muffin-4.6.3+ulyana=. -fstack-protector-strong -Wformat -Werror=format-security -Wdate-time -D_FORTIFY_SOURCE=2  -Wl,-Bsymbolic-functions -Wl,-z,relro -Wl,--as-needed conftest.c  -lX11 -lXext -lXdamage -lXcomposite -lXtst  >&5
configure:10962: $? = 0
configure:10962: result: yes
configure:11093: checking libwacom
configure:11200: result: no
configure:11223: checking for GDK_PIXBUF
configure:11230: $PKG_CONFIG --exists --print-errors "gdk-pixbuf-2.0"
configure:11233: $? = 0
configure:11247: $PKG_CONFIG --exists --print-errors "gdk-pixbuf-2.0"
configure:11250: $? = 0
configure:11308: result: yes
configure:11439: checking for supported compiler flags
configure:11456: gcc -c -g -O2 -fdebug-prefix-map=/home/kylis/Desktop/src/muffin-4.6.3+ulyana=. -fstack-protector-strong -Wformat -Werror=format-security -Wall -Wdate-time -D_FORTIFY_SOURCE=2 conftest.c >&5
configure:11456: $? = 0
configure:11456: gcc -c -g -O2 -fdebug-prefix-map=/home/kylis/Desktop/src/muffin-4.6.3+ulyana=. -fstack-protector-strong -Wformat -Werror=format-security -Wcast-align -Wdate-time -D_FORTIFY_SOURCE=2 conftest.c >&5
configure:11456: $? = 0
configure:11456: gcc -c -g -O2 -fdebug-prefix-map=/home/kylis/Desktop/src/muffin-4.6.3+ulyana=. -fstack-protector-strong -Wformat -Werror=format-security -Wuninitialized -Wdate-time -D_FORTIFY_SOURCE=2 conftest.c >&5
configure:11456: $? = 0
configure:11456: gcc -c -g -O2 -fdebug-prefix-map=/home/kylis/Desktop/src/muffin-4.6.3+ulyana=. -fstack-protector-strong -Wformat -Werror=format-security -Wno-strict-aliasing -Wdate-time -D_FORTIFY_SOURCE=2 conftest.c >&5
configure:11456: $? = 0
configure:11456: gcc -c -g -O2 -fdebug-prefix-map=/home/kylis/Desktop/src/muffin-4.6.3+ulyana=. -fstack-protector-strong -Wformat -Werror=format-security -Wshadow -Wdate-time -D_FORTIFY_SOURCE=2 conftest.c >&5
configure:11456: $? = 0
configure:11456: gcc -c -g -O2 -fdebug-prefix-map=/home/kylis/Desktop/src/muffin-4.6.3+ulyana=. -fstack-protector-strong -Wformat -Werror=format-security -Werror=logical-op -Wdate-time -D_FORTIFY_SOURCE=2 conftest.c >&5
configure:11456: $? = 0
configure:11456: gcc -c -g -O2 -fdebug-prefix-map=/home/kylis/Desktop/src/muffin-4.6.3+ulyana=. -fstack-protector-strong -Wformat -Werror=format-security -Werror=pointer-arith -Wdate-time -D_FORTIFY_SOURCE=2 conftest.c >&5
configure:11456: $? = 0
configure:11456: gcc -c -g -O2 -fdebug-prefix-map=/home/kylis/Desktop/src/muffin-4.6.3+ulyana=. -fstack-protector-strong -Wformat -Werror=format-security -Werror=missing-declarations -Wdate-time -D_FORTIFY_SOURCE=2 conftest.c >&5
configure:11456: $? = 0
configure:11456: gcc -c -g -O2 -fdebug-prefix-map=/home/kylis/Desktop/src/muffin-4.6.3+ulyana=. -fstack-protector-strong -Wformat -Werror=format-security -Werror=redundant-decls -Wdate-time -D_FORTIFY_SOURCE=2 conftest.c >&5
configure:11456: $? = 0
configure:11456: gcc -c -g -O2 -fdebug-prefix-map=/home/kylis/Desktop/src/muffin-4.6.3+ulyana=. -fstack-protector-strong -Wformat -Werror=format-security -Werror=empty-body -Wdate-time -D_FORTIFY_SOURCE=2 conftest.c >&5
configure:11456: $? = 0
configure:11456: gcc -c -g -O2 -fdebug-prefix-map=/home/kylis/Desktop/src/muffin-4.6.3+ulyana=. -fstack-protector-strong -Wformat -Werror=format-security -Werror=format -Wdate-time -D_FORTIFY_SOURCE=2 conftest.c >&5
configure:11456: $? = 0
configure:11456: gcc -c -g -O2 -fdebug-prefix-map=/home/kylis/Desktop/src/muffin-4.6.3+ulyana=. -fstack-protector-strong -Wformat -Werror=format-security -Werror=format-security -Wdate-time -D_FORTIFY_SOURCE=2 conftest.c >&5
configure:11456: $? = 0
configure:11456: gcc -c -g -O2 -fdebug-prefix-map=/home/kylis/Desktop/src/muffin-4.6.3+ulyana=. -fstack-protector-strong -Wformat -Werror=format-security -Werror=format-nonliteral -Wdate-time -D_FORTIFY_SOURCE=2 conftest.c >&5
configure:11456: $? = 0
configure:11456: gcc -c -g -O2 -fdebug-prefix-map=/home/kylis/Desktop/src/muffin-4.6.3+ulyana=. -fstack-protector-strong -Wformat -Werror=format-security -Werror=init-self -Wdate-time -D_FORTIFY_SOURCE=2 conftest.c >&5
configure:11456: $? = 0
configure:11456: gcc -c -g -O2 -fdebug-prefix-map=/home/kylis/Desktop/src/muffin-4.6.3+ulyana=. -fstack-protector-strong -Wformat -Werror=format-security -Werror=declaration-after-statement -Wdate-time -D_FORTIFY_SOURCE=2 conftest.c >&5
configure:11456: $? = 0
configure:11456: gcc -c -g -O2 -fdebug-prefix-map=/home/kylis/Desktop/src/muffin-4.6.3+ulyana=. -fstack-protector-strong -Wformat -Werror=format-security -Werror=vla -Wdate-time -D_FORTIFY_SOURCE=2 conftest.c >&5
configure:11456: $? = 0
configure:11470: result:  -Wall -Wcast-align -Wuninitialized -Wno-strict-aliasing -Wshadow -Werror=logical-op -Werror=pointer-arith -Werror=missing-declarations -Werror=redundant-decls -Werror=empty-body -Werror=format -Werror=format-security -Werror=format-nonliteral -Werror=init-self -Werror=declaration-after-statement -Werror=vla
configure:11547: checking for CLUTTER_DEPS
configure:11554: $PKG_CONFIG --exists --print-errors "$CLUTTER_REQUIRES"
configure:11557: $? = 0
configure:11571: $PKG_CONFIG --exists --print-errors "$CLUTTER_REQUIRES"
configure:11574: $? = 0
configure:11632: result: yes
configure:11649: checking for CLUTTER_DEPS_PRIVATE
configure:11656: $PKG_CONFIG --exists --print-errors "$CLUTTER_REQUIRES_PRIVATE"
configure:11659: $? = 0
configure:11673: $PKG_CONFIG --exists --print-errors "$CLUTTER_REQUIRES_PRIVATE"
configure:11676: $? = 0
configure:11734: result: yes
configure:11964: checking for gobject-introspection
configure:11995: $PKG_CONFIG --exists --print-errors "gobject-introspection-1.0 >= 1.39.0"
configure:11998: $? = 0
configure:12010: result: yes
configure:12270: checking that generated files are newer than configure
configure:12276: result: done
configure:12335: creating ./config.status

## ---------------------- ##
## Running config.status. ##
## ---------------------- ##

This file was extended by clutter config.status 1.26.1, which was
generated by GNU Autoconf 2.69.  Invocation command line was

  CONFIG_FILES    = 
  CONFIG_HEADERS  = 
  CONFIG_LINKS    = 
  CONFIG_COMMANDS = 
  $ ./config.status 

on Walkure

config.status:1221: creating Makefile
config.status:1221: creating build/Makefile
config.status:1221: creating build/autotools/Makefile
config.status:1221: creating clutter/Makefile
config.status:1221: creating clutter/clutter-config.h
config.status:1221: creating clutter/clutter-version.h
config.status:1221: creating clutter/muffin-clutter-0.pc
config.status:1221: creating tests/Makefile
config.status:1221: creating tests/accessibility/Makefile
config.status:1221: creating tests/conform/Makefile
config.status:1221: creating tests/interactive/Makefile
config.status:1221: creating tests/interactive/wrapper.sh
config.status:1221: creating tests/micro-bench/Makefile
config.status:1221: creating tests/performance/Makefile
config.status:1221: creating examples/Makefile
config.status:1221: creating clutter/clutter-build-config.h
config.status:1450: executing depfiles commands
config.status:1450: executing libtool commands

## ---------------- ##
## Cache variables. ##
## ---------------- ##

ac_cv_build=x86_64-pc-linux-gnu
ac_cv_c_compiler_gnu=yes
ac_cv_env_CC_set=
ac_cv_env_CC_value=
ac_cv_env_CFLAGS_set=set
ac_cv_env_CFLAGS_value='-g -O2 -fdebug-prefix-map=/home/kylis/Desktop/src/muffin-4.6.3+ulyana=. -fstack-protector-strong -Wformat -Werror=format-security'
ac_cv_env_CLUTTER_DEPS_CFLAGS_set=
ac_cv_env_CLUTTER_DEPS_CFLAGS_value=
ac_cv_env_CLUTTER_DEPS_LIBS_set=
ac_cv_env_CLUTTER_DEPS_LIBS_value=
ac_cv_env_CLUTTER_DEPS_PRIVATE_CFLAGS_set=
ac_cv_env_CLUTTER_DEPS_PRIVATE_CFLAGS_value=
ac_cv_env_CLUTTER_DEPS_PRIVATE_LIBS_set=
ac_cv_env_CLUTTER_DEPS_PRIVATE_LIBS_value=
ac_cv_env_CPPFLAGS_set=set
ac_cv_env_CPPFLAGS_value='-Wdate-time -D_FORTIFY_SOURCE=2'
ac_cv_env_CPP_set=
ac_cv_env_CPP_value=
ac_cv_env_GDK_PIXBUF_CFLAGS_set=
ac_cv_env_GDK_PIXBUF_CFLAGS_value=
ac_cv_env_GDK_PIXBUF_LIBS_set=
ac_cv_env_GDK_PIXBUF_LIBS_value=
ac_cv_env_GLIB_CFLAGS_set=
ac_cv_env_GLIB_CFLAGS_value=
ac_cv_env_GLIB_COMPILE_RESOURCES_set=
ac_cv_env_GLIB_COMPILE_RESOURCES_value=
ac_cv_env_GLIB_GENMARSHAL_set=
ac_cv_env_GLIB_GENMARSHAL_value=
ac_cv_env_GLIB_LIBS_set=
ac_cv_env_GLIB_LIBS_value=
ac_cv_env_GLIB_MKENUMS_set=
ac_cv_env_GLIB_MKENUMS_value=
ac_cv_env_GOBJECT_QUERY_set=
ac_cv_env_GOBJECT_QUERY_value=
ac_cv_env_LDFLAGS_set=set
ac_cv_env_LDFLAGS_value='-Wl,-Bsymbolic-functions -Wl,-z,relro -Wl,--as-needed'
ac_cv_env_LIBS_set=
ac_cv_env_LIBS_value=
ac_cv_env_LIBWACOM_CFLAGS_set=
ac_cv_env_LIBWACOM_CFLAGS_value=
ac_cv_env_LIBWACOM_LIBS_set=
ac_cv_env_LIBWACOM_LIBS_value=
ac_cv_env_LT_SYS_LIBRARY_PATH_set=
ac_cv_env_LT_SYS_LIBRARY_PATH_value=
ac_cv_env_MUFFIN_PLUGIN_API_VERSION_set=set
ac_cv_env_MUFFIN_PLUGIN_API_VERSION_value=0
ac_cv_env_MUFFIN_VERSION_set=set
ac_cv_env_MUFFIN_VERSION_value=4.6.3
ac_cv_env_PKG_CONFIG_LIBDIR_set=
ac_cv_env_PKG_CONFIG_LIBDIR_value=
ac_cv_env_PKG_CONFIG_PATH_set=
ac_cv_env_PKG_CONFIG_PATH_value=
ac_cv_env_PKG_CONFIG_set=
ac_cv_env_PKG_CONFIG_value=
ac_cv_env_XMKMF_set=
ac_cv_env_XMKMF_value=
ac_cv_env_build_alias_set=set
ac_cv_env_build_alias_value=x86_64-linux-gnu
ac_cv_env_host_alias_set=
ac_cv_env_host_alias_value=
ac_cv_env_target_alias_set=
ac_cv_env_target_alias_value=
ac_cv_func_XGetEventData=yes
ac_cv_func_XIAllowTouchEvents=yes
ac_cv_func_XkbQueryExtension=yes
ac_cv_header_X11_extensions_XInput2_h=yes
ac_cv_header_dlfcn_h=yes
ac_cv_header_inttypes_h=yes
ac_cv_header_memory_h=yes
ac_cv_header_stdc=yes
ac_cv_header_stdint_h=yes
ac_cv_header_stdlib_h=yes
ac_cv_header_string_h=yes
ac_cv_header_strings_h=yes
ac_cv_header_sys_stat_h=yes
ac_cv_header_sys_types_h=yes
ac_cv_header_unistd_h=yes
ac_cv_host=x86_64-pc-linux-gnu
ac_cv_lib_m_cos=yes
ac_cv_member_XIScrollClassInfo_number=yes
ac_cv_objext=o
ac_cv_path_EGREP='/bin/grep -E'
ac_cv_path_FGREP='/bin/grep -F'
ac_cv_path_GREP=/bin/grep
ac_cv_path_SED=/bin/sed
ac_cv_path_ac_pt_PKG_CONFIG=/usr/bin/pkg-config
ac_cv_path_install='/usr/bin/install -c'
ac_cv_path_lt_DD=/bin/dd
ac_cv_path_mkdir=/bin/mkdir
ac_cv_prog_AWK=gawk
ac_cv_prog_CPP='gcc -E'
ac_cv_prog_ac_ct_AR=ar
ac_cv_prog_ac_ct_CC=gcc
ac_cv_prog_ac_ct_MANIFEST_TOOL=mt
ac_cv_prog_ac_ct_OBJDUMP=objdump
ac_cv_prog_ac_ct_RANLIB=ranlib
ac_cv_prog_ac_ct_STRIP=strip
ac_cv_prog_cc_c89=
ac_cv_prog_cc_g=yes
ac_cv_prog_make_make_set=yes
am_cv_CC_dependencies_compiler_type=none
am_cv_make_support_nested_variables=yes
am_cv_prog_cc_c_o=yes
am_cv_prog_tar_ustar=gnutar
lt_cv_ar_at_file=@
lt_cv_archive_cmds_need_lc=no
lt_cv_deplibs_check_method=pass_all
lt_cv_file_magic_cmd='$MAGIC_CMD'
lt_cv_file_magic_test_file=
lt_cv_ld_reload_flag=-r
lt_cv_nm_interface='BSD nm'
lt_cv_objdir=.libs
lt_cv_path_LD=/usr/bin/ld
lt_cv_path_NM='/usr/bin/nm -B'
lt_cv_path_mainfest_tool=no
lt_cv_prog_compiler_c_o=yes
lt_cv_prog_compiler_pic='-fPIC -DPIC'
lt_cv_prog_compiler_pic_works=yes
lt_cv_prog_compiler_rtti_exceptions=no
lt_cv_prog_compiler_static_works=yes
lt_cv_prog_gnu_ld=yes
lt_cv_sharedlib_from_linklib_cmd='printf %s\n'
lt_cv_shlibpath_overrides_runpath=yes
lt_cv_sys_global_symbol_pipe='sed -n -e '\''s/^.*[	 ]\([ABCDGIRSTW][ABCDGIRSTW]*\)[	 ][	 ]*\([_A-Za-z][_A-Za-z0-9]*\)$/\1 \2 \2/p'\'' | sed '\''/ __gnu_lto/d'\'''
lt_cv_sys_global_symbol_to_c_name_address='sed -n -e '\''s/^: \(.*\) .*$/  {"\1", (void *) 0},/p'\'' -e '\''s/^[ABCDGIRSTW][ABCDGIRSTW]* .* \(.*\)$/  {"\1", (void *) \&\1},/p'\'''
lt_cv_sys_global_symbol_to_c_name_address_lib_prefix='sed -n -e '\''s/^: \(.*\) .*$/  {"\1", (void *) 0},/p'\'' -e '\''s/^[ABCDGIRSTW][ABCDGIRSTW]* .* \(lib.*\)$/  {"\1", (void *) \&\1},/p'\'' -e '\''s/^[ABCDGIRSTW][ABCDGIRSTW]* .* \(.*\)$/  {"lib\1", (void *) \&\1},/p'\'''
lt_cv_sys_global_symbol_to_cdecl='sed -n -e '\''s/^T .* \(.*\)$/extern int \1();/p'\'' -e '\''s/^[ABCDGIRSTW][ABCDGIRSTW]* .* \(.*\)$/extern char \1;/p'\'''
lt_cv_sys_global_symbol_to_import=
lt_cv_sys_max_cmd_len=1572864
lt_cv_to_host_file_cmd=func_convert_file_noop
lt_cv_to_tool_file_cmd=func_convert_file_noop
lt_cv_truncate_bin='/bin/dd bs=4096 count=1'
pkg_cv_CLUTTER_DEPS_CFLAGS='-pthread -I/usr/include/cairo -I/usr/include/atk-1.0 -I/usr/include/pango-1.0 -I/usr/include/fribidi -I/usr/include/harfbuzz -I/usr/include/cairo -I/usr/include/pixman-1 -I/usr/include/uuid -I/usr/include/freetype2 -I/usr/include/libpng16 -I/usr/include/json-glib-1.0 -I/usr/include/libmount -I/usr/include/blkid -I/usr/include/glib-2.0 -I/usr/lib/x86_64-linux-gnu/glib-2.0/include'
pkg_cv_CLUTTER_DEPS_LIBS='-lcairo-gobject -latk-1.0 -lpangocairo-1.0 -lpango-1.0 -lharfbuzz -lcairo -ljson-glib-1.0 -lgio-2.0 -lgobject-2.0 -lglib-2.0 -lX11 -lXext -lXdamage -lXfixes -lXcomposite -lXtst -lXi'
pkg_cv_CLUTTER_DEPS_PRIVATE_CFLAGS='-I/usr/include/pango-1.0 -I/usr/include/fribidi -I/usr/include/cairo -I/usr/include/pixman-1 -I/usr/include/harfbuzz -I/usr/include/glib-2.0 -I/usr/lib/x86_64-linux-gnu/glib-2.0/include -I/usr/include/uuid -I/usr/include/freetype2 -I/usr/include/libpng16'
pkg_cv_CLUTTER_DEPS_PRIVATE_LIBS='-lpangoft2-1.0 -lpango-1.0 -lgobject-2.0 -lglib-2.0 -lharfbuzz -lfontconfig -lfreetype'
pkg_cv_GDK_PIXBUF_CFLAGS='-pthread -I/usr/include/gdk-pixbuf-2.0 -I/usr/include/libmount -I/usr/include/blkid -I/usr/include/glib-2.0 -I/usr/lib/x86_64-linux-gnu/glib-2.0/include'
pkg_cv_GDK_PIXBUF_LIBS='-lgdk_pixbuf-2.0 -lgobject-2.0 -lglib-2.0'
pkg_cv_GLIB_CFLAGS='-pthread -I/usr/include/libmount -I/usr/include/blkid -I/usr/include/glib-2.0 -I/usr/lib/x86_64-linux-gnu/glib-2.0/include'
pkg_cv_GLIB_COMPILE_RESOURCES=/usr/bin/glib-compile-resources
pkg_cv_GLIB_GENMARSHAL=/usr/bin/glib-genmarshal
pkg_cv_GLIB_LIBS='-lgio-2.0 -lgobject-2.0 -lgthread-2.0 -pthread -lgmodule-2.0 -pthread -lglib-2.0'
pkg_cv_GLIB_MKENUMS=/usr/bin/glib-mkenums
pkg_cv_GOBJECT_QUERY=/usr/bin/gobject-query

## ----------------- ##
## Output variables. ##
## ----------------- ##

#define CLUTTER_INPUT_NULL "null"'
#define CLUTTER_INPUT_X11 "x11"
#define CLUTTER_WINDOWING_GLX "glx"
#define CLUTTER_WINDOWING_X11 "x11"
ACLOCAL='${SHELL} /home/kylis/Desktop/src/muffin-4.6.3+ulyana/clutter/build/missing aclocal-1.16'
AMDEPBACKSLASH=''
AMDEP_FALSE=''
AMDEP_TRUE='#'
AMTAR='$${TAR-tar}'
AM_BACKSLASH='\'
AM_DEFAULT_V='$(AM_DEFAULT_VERBOSITY)'
AM_DEFAULT_VERBOSITY='1'
AM_V='$(V)'
AR='ar'
ATK_REQ_VERSION='2.5.3'
AUTOCONF='${SHELL} /home/kylis/Desktop/src/muffin-4.6.3+ulyana/clutter/build/missing autoconf'
AUTOHEADER='${SHELL} /home/kylis/Desktop/src/muffin-4.6.3+ulyana/clutter/build/missing autoheader'
AUTOMAKE='${SHELL} /home/kylis/Desktop/src/muffin-4.6.3+ulyana/clutter/build/missing automake-1.16'
AWK='gawk'
BUILD_EXAMPLES_FALSE=''
BUILD_EXAMPLES_TRUE='#'
BUILD_XI2_FALSE='#'
BUILD_XI2_TRUE=''
CAIRO_REQ_VERSION='1.14.0'
CC='gcc'
CCDEPMODE='depmode=none'
CFLAGS='-g -O2 -fdebug-prefix-map=/home/kylis/Desktop/src/muffin-4.6.3+ulyana=. -fstack-protector-strong -Wformat -Werror=format-security'
CLUTTER_BACKENDS='x11'
CLUTTER_CFLAGS='  -pthread -I/usr/include/cairo -I/usr/include/atk-1.0 -I/usr/include/pango-1.0 -I/usr/include/fribidi -I/usr/include/harfbuzz -I/usr/include/cairo -I/usr/include/pixman-1 -I/usr/include/uuid -I/usr/include/freetype2 -I/usr/include/libpng16 -I/usr/include/json-glib-1.0 -I/usr/include/libmount -I/usr/include/blkid -I/usr/include/glib-2.0 -I/usr/lib/x86_64-linux-gnu/glib-2.0/include -I/usr/include/pango-1.0 -I/usr/include/fribidi -I/usr/include/cairo -I/usr/include/pixman-1 -I/usr/include/harfbuzz -I/usr/include/glib-2.0 -I/usr/lib/x86_64-linux-gnu/glib-2.0/include -I/usr/include/uuid -I/usr/include/freetype2 -I/usr/include/libpng16 -pthread -I/usr/include/libmount -I/usr/include/blkid -I/usr/include/glib-2.0 -I/usr/lib/x86_64-linux-gnu/glib-2.0/include '
CLUTTER_COGL='deprecated'
CLUTTER_CONFIG_DEFINES='
CLUTTER_DEBUG_CFLAGS='-DG_DISABLE_CAST_CHECKS'
CLUTTER_DEPRECATED_CFLAGS='-DGLIB_DISABLE_DEPRECATION_WARNINGS'
CLUTTER_DEPS_CFLAGS='-pthread -I/usr/include/cairo -I/usr/include/atk-1.0 -I/usr/include/pango-1.0 -I/usr/include/fribidi -I/usr/include/harfbuzz -I/usr/include/cairo -I/usr/include/pixman-1 -I/usr/include/uuid -I/usr/include/freetype2 -I/usr/include/libpng16 -I/usr/include/json-glib-1.0 -I/usr/include/libmount -I/usr/include/blkid -I/usr/include/glib-2.0 -I/usr/lib/x86_64-linux-gnu/glib-2.0/include'
CLUTTER_DEPS_LIBS='-lcairo-gobject -latk-1.0 -lpangocairo-1.0 -lpango-1.0 -lharfbuzz -lcairo -ljson-glib-1.0 -lgio-2.0 -lgobject-2.0 -lglib-2.0 -lX11 -lXext -lXdamage -lXfixes -lXcomposite -lXtst -lXi'
CLUTTER_DEPS_PRIVATE_CFLAGS='-I/usr/include/pango-1.0 -I/usr/include/fribidi -I/usr/include/cairo -I/usr/include/pixman-1 -I/usr/include/harfbuzz -I/usr/include/glib-2.0 -I/usr/lib/x86_64-linux-gnu/glib-2.0/include -I/usr/include/uuid -I/usr/include/freetype2 -I/usr/include/libpng16'
CLUTTER_DEPS_PRIVATE_LIBS='-lpangoft2-1.0 -lpango-1.0 -lgobject-2.0 -lglib-2.0 -lharfbuzz -lfontconfig -lfreetype'
CLUTTER_FLAVOUR='deprecated'
CLUTTER_GCOV_CFLAGS=''
CLUTTER_GCOV_LDADD=''
CLUTTER_HIDDEN_VISIBILITY_CFLAGS='-fvisibility=hidden'
CLUTTER_INPUT_BACKENDS='x11'
CLUTTER_LIBS=' -lX11 -lXext -lXdamage -lXcomposite -lXtst  -lcairo-gobject -latk-1.0 -lpangocairo-1.0 -lpango-1.0 -lharfbuzz -lcairo -ljson-glib-1.0 -lgio-2.0 -lgobject-2.0 -lglib-2.0 -lX11 -lXext -lXdamage -lXfixes -lXcomposite -lXtst -lXi -lpangoft2-1.0 -lpango-1.0 -lgobject-2.0 -lglib-2.0 -lharfbuzz -lfontconfig -lfreetype -lgio-2.0 -lgobject-2.0 -lgthread-2.0 -pthread -lgmodule-2.0 -pthread -lglib-2.0 '
CLUTTER_LINK_FLAGS='-Wl,-Bsymbolic-functions'
CLUTTER_LT_CURRENT='2600'
CLUTTER_LT_LDFLAGS='-avoid-version'
CLUTTER_LT_REVISION='1'
CLUTTER_LT_VERSION='2600:1:2600'
CLUTTER_MAJOR_VERSION='1'
CLUTTER_MICRO_VERSION='1'
CLUTTER_MINOR_VERSION='26'
CLUTTER_RELEASE_STATUS='git'
CLUTTER_REQUIRES='cairo-gobject >= 1.14.0 gio-2.0 >= 2.50.3 atk >= 2.5.3 pangocairo >= 1.30 json-glib-1.0 >= 0.12.0 x11 xext xdamage xcomposite >= 0.4 xtst xi'
CLUTTER_REQUIRES_PRIVATE='  pangoft2'
CLUTTER_SONAME_INFIX='deprecated'
CLUTTER_STAGE_TYPE='deprecated'
CLUTTER_VERSION='1.26.1'
CLUTTER_WINSYS='deprecated'
CLUTTER_WINSYS_BASE='deprecated'
COGL_DRIVER='deprecated'
COGL_REQ_VERSION='1.21.2'
CPP='gcc -E'
CPPFLAGS='-Wdate-time -D_FORTIFY_SOURCE=2'
CYGPATH_W='echo'
DEFS='-DHAVE_CONFIG_H'
DEPDIR='.deps'
DLLTOOL='false'
DSYMUTIL=''
DUMPBIN=''
ECHO_C=''
ECHO_N='-n'
ECHO_T=''
EGREP='/bin/grep -E'
ENABLE_ALWAYS_BUILD_TESTS_FALSE=''
ENABLE_ALWAYS_BUILD_TESTS_TRUE='#'
ENABLE_GCOV_FALSE=''
ENABLE_GCOV_TRUE='#'
ENABLE_INSTALLED_TESTS_FALSE=''
ENABLE_INSTALLED_TESTS_TRUE='#'
EXEEXT=''
FGREP='/bin/grep -F'
GDK_PIXBUF_CFLAGS='-pthread -I/usr/include/gdk-pixbuf-2.0 -I/usr/include/libmount -I/usr/include/blkid -I/usr/include/glib-2.0 -I/usr/lib/x86_64-linux-gnu/glib-2.0/include'
GDK_PIXBUF_LIBS='-lgdk_pixbuf-2.0 -lgobject-2.0 -lglib-2.0'
GDK_REQ_VERSION='3.3.18'
GI_REQ_VERSION='1.39.0'
GLIB_CFLAGS='-pthread -I/usr/include/libmount -I/usr/include/blkid -I/usr/include/glib-2.0 -I/usr/lib/x86_64-linux-gnu/glib-2.0/include'
GLIB_COMPILE_RESOURCES='/usr/bin/glib-compile-resources'
GLIB_GENMARSHAL='/usr/bin/glib-genmarshal'
GLIB_LIBS='-lgio-2.0 -lgobject-2.0 -lgthread-2.0 -pthread -lgmodule-2.0 -pthread -lglib-2.0'
GLIB_MKENUMS='/usr/bin/glib-mkenums'
GLIB_REQ_VERSION='2.50.3'
GOBJECT_QUERY='/usr/bin/gobject-query'
GREP='/bin/grep'
HAVE_INTROSPECTION_FALSE='#'
HAVE_INTROSPECTION_TRUE=''
INSTALL_DATA='${INSTALL} -m 644'
INSTALL_PROGRAM='${INSTALL}'
INSTALL_SCRIPT='${INSTALL}'
INSTALL_STRIP_PROGRAM='$(install_sh) -c -s'
INTROSPECTION_CFLAGS='-pthread -I/usr/include/gobject-introspection-1.0 -I/usr/include/glib-2.0 -I/usr/lib/x86_64-linux-gnu/glib-2.0/include'
INTROSPECTION_COMPILER='/usr/bin/g-ir-compiler'
INTROSPECTION_GENERATE='/usr/bin/g-ir-generate'
INTROSPECTION_GIRDIR='/usr/share/gir-1.0'
INTROSPECTION_LIBS='-lgirepository-1.0 -lgobject-2.0 -lglib-2.0'
INTROSPECTION_MAKEFILE='/usr/share/gobject-introspection-1.0/Makefile.introspection'
INTROSPECTION_SCANNER='/usr/bin/g-ir-scanner'
INTROSPECTION_TYPELIBDIR='/usr/lib/x86_64-linux-gnu/girepository-1.0'
JSON_GLIB_REQ_VERSION='0.12.0'
LD='/usr/bin/ld -m elf_x86_64'
LDFLAGS='-Wl,-Bsymbolic-functions -Wl,-z,relro -Wl,--as-needed'
LIBINPUT_REQ_VERSION='1.4.0'
LIBM='-lm'
LIBOBJS=''
LIBS=''
LIBTOOL='$(SHELL) $(top_builddir)/libtool'
LIBUDEV_REQ_VERSION='136'
LIBWACOM_CFLAGS=''
LIBWACOM_LIBS=''
LIBWACOM_REQ_VERSION='0.13'
LIPO=''
LN_S='ln -s'
LTLIBOBJS=''
LTP=''
LTP_GENHTML=''
LT_SYS_LIBRARY_PATH=''
MAINTAINER_CFLAGS='-Wall -Wcast-align -Wuninitialized -Wno-strict-aliasing -Wshadow -Werror=logical-op -Werror=pointer-arith -Werror=missing-declarations -Werror=redundant-decls -Werror=empty-body -Werror=format -Werror=format-security -Werror=format-nonliteral -Werror=init-self -Werror=declaration-after-statement -Werror=vla'
MAKEINFO='${SHELL} /home/kylis/Desktop/src/muffin-4.6.3+ulyana/clutter/build/missing makeinfo'
MANIFEST_TOOL=':'
MKDIR_P='/bin/mkdir -p'
MUFFIN_PLUGIN_API_VERSION='0'
MUFFIN_VERSION='4.6.3'
NM='/usr/bin/nm -B'
NMEDIT=''
OBJDUMP='objdump'
OBJEXT='o'
OTOOL64=''
OTOOL=''
PACKAGE='clutter'
PACKAGE_BUGREPORT='http://bugzilla.gnome.org/enter_bug.cgi?product=clutter'
PACKAGE_NAME='clutter'
PACKAGE_STRING='clutter 1.26.1'
PACKAGE_TARNAME='clutter'
PACKAGE_URL='http://www.clutter-project.org'
PACKAGE_VERSION='1.26.1'
PANGO_REQ_VERSION='1.30'
PATH_SEPARATOR=':'
PIXBUF_TESTS_FALSE='#'
PIXBUF_TESTS_TRUE=''
PKG_CONFIG='/usr/bin/pkg-config'
PKG_CONFIG_LIBDIR=''
PKG_CONFIG_PATH=''
RANLIB='ranlib'
SED='/bin/sed'
SET_MAKE=''
SHELL='/bin/bash'
SHTOOL=''
STRIP='strip'
SUPPORT_WAYLAND_FALSE=''
SUPPORT_WAYLAND_TRUE='#'
VERSION='1.26.1'
X11_TESTS_FALSE='#'
X11_TESTS_TRUE=''
XCOMPOSITE_REQ_VERSION='0.4'
XMKMF=''
_GI_EXP_DATADIR='/usr/share'
_GI_EXP_LIBDIR='/usr/lib/x86_64-linux-gnu'
ac_ct_AR='ar'
ac_ct_CC='gcc'
ac_ct_DUMPBIN=''
am__EXEEXT_FALSE=''
am__EXEEXT_TRUE='#'
am__fastdepCC_FALSE=''
am__fastdepCC_TRUE='#'
am__include='include'
am__isrc=''
am__leading_dot='.'
am__nodep=''
am__quote=''
am__tar='tar --format=ustar -chf - "$$tardir"'
am__untar='tar -xf -'
bindir='${exec_prefix}/bin'
build='x86_64-pc-linux-gnu'
build_alias='x86_64-linux-gnu'
build_cpu='x86_64'
build_os='linux-gnu'
build_vendor='pc'
datadir='${datarootdir}'
datarootdir='${prefix}/share'
docdir='${datarootdir}/doc/${PACKAGE_TARNAME}'
dvidir='${docdir}'
exec_prefix='${prefix}'
host='x86_64-pc-linux-gnu'
host_alias=''
host_cpu='x86_64'
host_os='linux-gnu'
host_vendor='pc'
htmldir='${docdir}'
includedir='${prefix}/include'
infodir='${prefix}/share/info'
install_sh='${SHELL} /home/kylis/Desktop/src/muffin-4.6.3+ulyana/clutter/build/install-sh'
installed_test_metadir=''
installed_testdir=''
libdir='${prefix}/lib/x86_64-linux-gnu'
libexecdir='${prefix}/libexec'
localedir='${datarootdir}/locale'
localstatedir='/var'
mandir='${prefix}/share/man'
mkdir_p='$(MKDIR_P)'
oldincludedir='/usr/include'
pdfdir='${docdir}'
prefix='/usr'
program_transform_name='s,x,x,'
psdir='${docdir}'
runstatedir='${localstatedir}/run'
sbindir='${exec_prefix}/sbin'
sharedstatedir='${prefix}/com'
sysconfdir='/etc'
target_alias=''

## ----------- ##
## confdefs.h. ##
## ----------- ##

/* confdefs.h */
#define PACKAGE_NAME "clutter"
#define PACKAGE_TARNAME "clutter"
#define PACKAGE_VERSION "1.26.1"
#define PACKAGE_STRING "clutter 1.26.1"
#define PACKAGE_BUGREPORT "http://bugzilla.gnome.org/enter_bug.cgi?product=clutter"
#define PACKAGE_URL "http://www.clutter-project.org"
#define OS_LINUX 1
#define STDC_HEADERS 1
#define HAVE_SYS_TYPES_H 1
#define HAVE_SYS_STAT_H 1
#define HAVE_STDLIB_H 1
#define HAVE_STRING_H 1
#define HAVE_MEMORY_H 1
#define HAVE_STRINGS_H 1
#define HAVE_INTTYPES_H 1
#define HAVE_STDINT_H 1
#define HAVE_UNISTD_H 1
#define HAVE_DLFCN_H 1
#define LT_OBJDIR ".libs/"
#define STDC_HEADERS 1
#define _CLUTTER_EXTERN __attribute__((visibility("default"))) extern
#define HAVE_PANGO_FT2 1
#define CLUTTER_DRIVERS "*"
#define HAVE_XEXT 1
#define HAVE_XDAMAGE 1
#define HAVE_XCOMPOSITE 1
#define HAVE_XTEST 1
#define HAVE_XGE 1
#define HAVE_X11_EXTENSIONS_XINPUT2_H 1
#define HAVE_XINPUT_2 1
#define HAVE_XINPUT_2_2 1
#define HAVE_XKB 1

configure: exit 0
