This file contains any messages produced by compilers while
running configure, to aid debugging if configure makes a mistake.

It was created by cogl configure 1.22.1, which was
generated by GNU Autoconf 2.69.  Invocation command line was

  $ ./configure --disable-option-checking --prefix=/usr --build=x86_64-linux-gnu --includedir=${prefix}/include --mandir=${prefix}/share/man --infodir=${prefix}/share/info --sysconfdir=/etc --localstatedir=/var --libdir=${prefix}/lib/x86_64-linux-gnu --libexecdir=${prefix}/lib/x86_64-linux-gnu --disable-maintainer-mode --disable-dependency-tracking --libexecdir=${prefix}/libexec --disable-static --enable-startup-notification=yes --disable-silent-rules --enable-gtk-doc --disable-clutter-doc build_alias=x86_64-linux-gnu CFLAGS=-g -O2 -fdebug-prefix-map=/home/kylis/Desktop/src/muffin-4.6.3+ulyana=. -fstack-protector-strong -Wformat -Werror=format-security LDFLAGS=-Wl,-Bsymbolic-functions -Wl,-z,relro -Wl,--as-needed CPPFLAGS=-Wdate-time -D_FORTIFY_SOURCE=2 --cache-file=/dev/null --srcdir=.

## --------- ##
## Platform. ##
## --------- ##

hostname = Walkure
uname -m = x86_64
uname -r = 5.4.0-54-generic
uname -s = Linux
uname -v = #60-Ubuntu SMP Fri Nov 6 10:37:59 UTC 2020

/usr/bin/uname -p = unknown
/bin/uname -X     = unknown

/bin/arch              = unknown
/usr/bin/arch -k       = unknown
/usr/convex/getsysinfo = unknown
/usr/bin/hostinfo      = unknown
/bin/machine           = unknown
/usr/bin/oslevel       = unknown
/bin/universe          = unknown

PATH: /home/kylis/.local/bin
PATH: /usr/local/sbin
PATH: /usr/local/bin
PATH: /usr/sbin
PATH: /usr/bin
PATH: /sbin
PATH: /bin
PATH: /usr/games
PATH: /usr/local/games
PATH: /snap/bin
PATH: /home/kylis/my_bin


## ----------- ##
## Core tests. ##
## ----------- ##

configure:2907: checking for gcc
configure:2923: found /usr/bin/gcc
configure:2934: result: gcc
configure:3163: checking for C compiler version
configure:3172: gcc --version >&5
gcc (Ubuntu 9.3.0-17ubuntu1~20.04) 9.3.0
Copyright (C) 2019 Free Software Foundation, Inc.
This is free software; see the source for copying conditions.  There is NO
warranty; not even for MERCHANTABILITY or FITNESS FOR A PARTICULAR PURPOSE.

configure:3183: $? = 0
configure:3172: gcc -v >&5
Using built-in specs.
COLLECT_GCC=gcc
COLLECT_LTO_WRAPPER=/usr/lib/gcc/x86_64-linux-gnu/9/lto-wrapper
OFFLOAD_TARGET_NAMES=nvptx-none:hsa
OFFLOAD_TARGET_DEFAULT=1
Target: x86_64-linux-gnu
Configured with: ../src/configure -v --with-pkgversion='Ubuntu 9.3.0-17ubuntu1~20.04' --with-bugurl=file:///usr/share/doc/gcc-9/README.Bugs --enable-languages=c,ada,c++,go,brig,d,fortran,objc,obj-c++,gm2 --prefix=/usr --with-gcc-major-version-only --program-suffix=-9 --program-prefix=x86_64-linux-gnu- --enable-shared --enable-linker-build-id --libexecdir=/usr/lib --without-included-gettext --enable-threads=posix --libdir=/usr/lib --enable-nls --enable-clocale=gnu --enable-libstdcxx-debug --enable-libstdcxx-time=yes --with-default-libstdcxx-abi=new --enable-gnu-unique-object --disable-vtable-verify --enable-plugin --enable-default-pie --with-system-zlib --with-target-system-zlib=auto --enable-objc-gc=auto --enable-multiarch --disable-werror --with-arch-32=i686 --with-abi=m64 --with-multilib-list=m32,m64,mx32 --enable-multilib --with-tune=generic --enable-offload-targets=nvptx-none=/build/gcc-9-HskZEa/gcc-9-9.3.0/debian/tmp-nvptx/usr,hsa --without-cuda-driver --enable-checking=release --build=x86_64-linux-gnu --host=x86_64-linux-gnu --target=x86_64-linux-gnu
Thread model: posix
gcc version 9.3.0 (Ubuntu 9.3.0-17ubuntu1~20.04) 
configure:3183: $? = 0
configure:3172: gcc -V >&5
gcc: error: unrecognized command line option '-V'
gcc: fatal error: no input files
compilation terminated.
configure:3183: $? = 1
configure:3172: gcc -qversion >&5
gcc: error: unrecognized command line option '-qversion'; did you mean '--version'?
gcc: fatal error: no input files
compilation terminated.
configure:3183: $? = 1
configure:3203: checking whether the C compiler works
configure:3225: gcc -g -O2 -fdebug-prefix-map=/home/kylis/Desktop/src/muffin-4.6.3+ulyana=. -fstack-protector-strong -Wformat -Werror=format-security -Wdate-time -D_FORTIFY_SOURCE=2 -Wl,-Bsymbolic-functions -Wl,-z,relro -Wl,--as-needed conftest.c  >&5
configure:3229: $? = 0
configure:3277: result: yes
configure:3280: checking for C compiler default output file name
configure:3282: result: a.out
configure:3288: checking for suffix of executables
configure:3295: gcc -o conftest -g -O2 -fdebug-prefix-map=/home/kylis/Desktop/src/muffin-4.6.3+ulyana=. -fstack-protector-strong -Wformat -Werror=format-security -Wdate-time -D_FORTIFY_SOURCE=2 -Wl,-Bsymbolic-functions -Wl,-z,relro -Wl,--as-needed conftest.c  >&5
configure:3299: $? = 0
configure:3321: result: 
configure:3343: checking whether we are cross compiling
configure:3351: gcc -o conftest -g -O2 -fdebug-prefix-map=/home/kylis/Desktop/src/muffin-4.6.3+ulyana=. -fstack-protector-strong -Wformat -Werror=format-security -Wdate-time -D_FORTIFY_SOURCE=2 -Wl,-Bsymbolic-functions -Wl,-z,relro -Wl,--as-needed conftest.c  >&5
configure:3355: $? = 0
configure:3362: ./conftest
configure:3366: $? = 0
configure:3354: result: no
configure:3359: checking for suffix of object files
configure:3381: gcc -c -g -O2 -fdebug-prefix-map=/home/kylis/Desktop/src/muffin-4.6.3+ulyana=. -fstack-protector-strong -Wformat -Werror=format-security -Wdate-time -D_FORTIFY_SOURCE=2 conftest.c >&5
configure:3385: $? = 0
configure:3406: result: o
configure:3410: checking whether we are using the GNU C compiler
configure:3429: gcc -c -g -O2 -fdebug-prefix-map=/home/kylis/Desktop/src/muffin-4.6.3+ulyana=. -fstack-protector-strong -Wformat -Werror=format-security -Wdate-time -D_FORTIFY_SOURCE=2 conftest.c >&5
configure:3429: $? = 0
configure:3438: result: yes
configure:3447: checking whether gcc accepts -g
configure:3467: gcc -c -g -Wdate-time -D_FORTIFY_SOURCE=2 conftest.c >&5
configure:3467: $? = 0
configure:3508: result: yes
configure:3525: checking for gcc option to accept ISO C89
configure:3588: gcc  -c -g -O2 -fdebug-prefix-map=/home/kylis/Desktop/src/muffin-4.6.3+ulyana=. -fstack-protector-strong -Wformat -Werror=format-security -Wdate-time -D_FORTIFY_SOURCE=2 conftest.c >&5
configure:3588: $? = 0
configure:3601: result: none needed
configure:3626: checking whether gcc understands -c and -o together
configure:3648: gcc -c conftest.c -o conftest2.o
configure:3651: $? = 0
configure:3648: gcc -c conftest.c -o conftest2.o
configure:3651: $? = 0
configure:3663: result: yes
configure:3686: checking how to run the C preprocessor
configure:3717: gcc -E -Wdate-time -D_FORTIFY_SOURCE=2 conftest.c
configure:3717: $? = 0
configure:3731: gcc -E -Wdate-time -D_FORTIFY_SOURCE=2 conftest.c
conftest.c:9:10: fatal error: ac_nonexistent.h: No such file or directory
    9 | #include <ac_nonexistent.h>
      |          ^~~~~~~~~~~~~~~~~~
compilation terminated.
configure:3731: $? = 1
configure: failed program was:
| /* confdefs.h */
| #define PACKAGE_NAME "cogl"
| #define PACKAGE_TARNAME "cogl"
| #define PACKAGE_VERSION "1.22.1"
| #define PACKAGE_STRING "cogl 1.22.1"
| #define PACKAGE_BUGREPORT ""
| #define PACKAGE_URL ""
| /* end confdefs.h.  */
| #include <ac_nonexistent.h>
configure:3756: result: gcc -E
configure:3776: gcc -E -Wdate-time -D_FORTIFY_SOURCE=2 conftest.c
configure:3776: $? = 0
configure:3790: gcc -E -Wdate-time -D_FORTIFY_SOURCE=2 conftest.c
conftest.c:9:10: fatal error: ac_nonexistent.h: No such file or directory
    9 | #include <ac_nonexistent.h>
      |          ^~~~~~~~~~~~~~~~~~
compilation terminated.
configure:3790: $? = 1
configure: failed program was:
| /* confdefs.h */
| #define PACKAGE_NAME "cogl"
| #define PACKAGE_TARNAME "cogl"
| #define PACKAGE_VERSION "1.22.1"
| #define PACKAGE_STRING "cogl 1.22.1"
| #define PACKAGE_BUGREPORT ""
| #define PACKAGE_URL ""
| /* end confdefs.h.  */
| #include <ac_nonexistent.h>
configure:3819: checking for grep that handles long lines and -e
configure:3877: result: /bin/grep
configure:3882: checking for egrep
configure:3944: result: /bin/grep -E
configure:3949: checking for ANSI C header files
configure:3969: gcc -c -g -O2 -fdebug-prefix-map=/home/kylis/Desktop/src/muffin-4.6.3+ulyana=. -fstack-protector-strong -Wformat -Werror=format-security -Wdate-time -D_FORTIFY_SOURCE=2 conftest.c >&5
configure:3969: $? = 0
configure:4042: gcc -o conftest -g -O2 -fdebug-prefix-map=/home/kylis/Desktop/src/muffin-4.6.3+ulyana=. -fstack-protector-strong -Wformat -Werror=format-security -Wdate-time -D_FORTIFY_SOURCE=2 -Wl,-Bsymbolic-functions -Wl,-z,relro -Wl,--as-needed conftest.c  >&5
configure:4042: $? = 0
configure:4042: ./conftest
configure:4042: $? = 0
configure:4053: result: yes
configure:4066: checking for sys/types.h
configure:4066: gcc -c -g -O2 -fdebug-prefix-map=/home/kylis/Desktop/src/muffin-4.6.3+ulyana=. -fstack-protector-strong -Wformat -Werror=format-security -Wdate-time -D_FORTIFY_SOURCE=2 conftest.c >&5
configure:4066: $? = 0
configure:4066: result: yes
configure:4066: checking for sys/stat.h
configure:4066: gcc -c -g -O2 -fdebug-prefix-map=/home/kylis/Desktop/src/muffin-4.6.3+ulyana=. -fstack-protector-strong -Wformat -Werror=format-security -Wdate-time -D_FORTIFY_SOURCE=2 conftest.c >&5
configure:4066: $? = 0
configure:4066: result: yes
configure:4066: checking for stdlib.h
configure:4066: gcc -c -g -O2 -fdebug-prefix-map=/home/kylis/Desktop/src/muffin-4.6.3+ulyana=. -fstack-protector-strong -Wformat -Werror=format-security -Wdate-time -D_FORTIFY_SOURCE=2 conftest.c >&5
configure:4066: $? = 0
configure:4066: result: yes
configure:4066: checking for string.h
configure:4066: gcc -c -g -O2 -fdebug-prefix-map=/home/kylis/Desktop/src/muffin-4.6.3+ulyana=. -fstack-protector-strong -Wformat -Werror=format-security -Wdate-time -D_FORTIFY_SOURCE=2 conftest.c >&5
configure:4066: $? = 0
configure:4066: result: yes
configure:4066: checking for memory.h
configure:4066: gcc -c -g -O2 -fdebug-prefix-map=/home/kylis/Desktop/src/muffin-4.6.3+ulyana=. -fstack-protector-strong -Wformat -Werror=format-security -Wdate-time -D_FORTIFY_SOURCE=2 conftest.c >&5
configure:4066: $? = 0
configure:4066: result: yes
configure:4066: checking for strings.h
configure:4066: gcc -c -g -O2 -fdebug-prefix-map=/home/kylis/Desktop/src/muffin-4.6.3+ulyana=. -fstack-protector-strong -Wformat -Werror=format-security -Wdate-time -D_FORTIFY_SOURCE=2 conftest.c >&5
configure:4066: $? = 0
configure:4066: result: yes
configure:4066: checking for inttypes.h
configure:4066: gcc -c -g -O2 -fdebug-prefix-map=/home/kylis/Desktop/src/muffin-4.6.3+ulyana=. -fstack-protector-strong -Wformat -Werror=format-security -Wdate-time -D_FORTIFY_SOURCE=2 conftest.c >&5
configure:4066: $? = 0
configure:4066: result: yes
configure:4066: checking for stdint.h
configure:4066: gcc -c -g -O2 -fdebug-prefix-map=/home/kylis/Desktop/src/muffin-4.6.3+ulyana=. -fstack-protector-strong -Wformat -Werror=format-security -Wdate-time -D_FORTIFY_SOURCE=2 conftest.c >&5
configure:4066: $? = 0
configure:4066: result: yes
configure:4066: checking for unistd.h
configure:4066: gcc -c -g -O2 -fdebug-prefix-map=/home/kylis/Desktop/src/muffin-4.6.3+ulyana=. -fstack-protector-strong -Wformat -Werror=format-security -Wdate-time -D_FORTIFY_SOURCE=2 conftest.c >&5
configure:4066: $? = 0
configure:4066: result: yes
configure:4079: checking minix/config.h usability
configure:4079: gcc -c -g -O2 -fdebug-prefix-map=/home/kylis/Desktop/src/muffin-4.6.3+ulyana=. -fstack-protector-strong -Wformat -Werror=format-security -Wdate-time -D_FORTIFY_SOURCE=2 conftest.c >&5
conftest.c:52:10: fatal error: minix/config.h: No such file or directory
   52 | #include <minix/config.h>
      |          ^~~~~~~~~~~~~~~~
compilation terminated.
configure:4079: $? = 1
configure: failed program was:
| /* confdefs.h */
| #define PACKAGE_NAME "cogl"
| #define PACKAGE_TARNAME "cogl"
| #define PACKAGE_VERSION "1.22.1"
| #define PACKAGE_STRING "cogl 1.22.1"
| #define PACKAGE_BUGREPORT ""
| #define PACKAGE_URL ""
| #define STDC_HEADERS 1
| #define HAVE_SYS_TYPES_H 1
| #define HAVE_SYS_STAT_H 1
| #define HAVE_STDLIB_H 1
| #define HAVE_STRING_H 1
| #define HAVE_MEMORY_H 1
| #define HAVE_STRINGS_H 1
| #define HAVE_INTTYPES_H 1
| #define HAVE_STDINT_H 1
| #define HAVE_UNISTD_H 1
| /* end confdefs.h.  */
| #include <stdio.h>
| #ifdef HAVE_SYS_TYPES_H
| # include <sys/types.h>
| #endif
| #ifdef HAVE_SYS_STAT_H
| # include <sys/stat.h>
| #endif
| #ifdef STDC_HEADERS
| # include <stdlib.h>
| # include <stddef.h>
| #else
| # ifdef HAVE_STDLIB_H
| #  include <stdlib.h>
| # endif
| #endif
| #ifdef HAVE_STRING_H
| # if !defined STDC_HEADERS && defined HAVE_MEMORY_H
| #  include <memory.h>
| # endif
| # include <string.h>
| #endif
| #ifdef HAVE_STRINGS_H
| # include <strings.h>
| #endif
| #ifdef HAVE_INTTYPES_H
| # include <inttypes.h>
| #endif
| #ifdef HAVE_STDINT_H
| # include <stdint.h>
| #endif
| #ifdef HAVE_UNISTD_H
| # include <unistd.h>
| #endif
| #include <minix/config.h>
configure:4079: result: no
configure:4079: checking minix/config.h presence
configure:4079: gcc -E -Wdate-time -D_FORTIFY_SOURCE=2 conftest.c
conftest.c:19:10: fatal error: minix/config.h: No such file or directory
   19 | #include <minix/config.h>
      |          ^~~~~~~~~~~~~~~~
compilation terminated.
configure:4079: $? = 1
configure: failed program was:
| /* confdefs.h */
| #define PACKAGE_NAME "cogl"
| #define PACKAGE_TARNAME "cogl"
| #define PACKAGE_VERSION "1.22.1"
| #define PACKAGE_STRING "cogl 1.22.1"
| #define PACKAGE_BUGREPORT ""
| #define PACKAGE_URL ""
| #define STDC_HEADERS 1
| #define HAVE_SYS_TYPES_H 1
| #define HAVE_SYS_STAT_H 1
| #define HAVE_STDLIB_H 1
| #define HAVE_STRING_H 1
| #define HAVE_MEMORY_H 1
| #define HAVE_STRINGS_H 1
| #define HAVE_INTTYPES_H 1
| #define HAVE_STDINT_H 1
| #define HAVE_UNISTD_H 1
| /* end confdefs.h.  */
| #include <minix/config.h>
configure:4079: result: no
configure:4079: checking for minix/config.h
configure:4079: result: no
configure:4100: checking whether it is safe to define __EXTENSIONS__
configure:4118: gcc -c -g -O2 -fdebug-prefix-map=/home/kylis/Desktop/src/muffin-4.6.3+ulyana=. -fstack-protector-strong -Wformat -Werror=format-security -Wdate-time -D_FORTIFY_SOURCE=2 conftest.c >&5
configure:4118: $? = 0
configure:4125: result: yes
configure:4200: checking for a BSD-compatible install
configure:4268: result: /usr/bin/install -c
configure:4279: checking whether build environment is sane
configure:4334: result: yes
configure:4480: checking for a thread-safe mkdir -p
configure:4519: result: /bin/mkdir -p
configure:4526: checking for gawk
configure:4542: found /usr/bin/gawk
configure:4553: result: gawk
configure:4564: checking whether make sets $(MAKE)
configure:4586: result: yes
configure:4608: checking whether make supports the include directive
configure:4623: make -f confmf.GNU && cat confinc.out
make[2]: Entering directory '/home/kylis/Desktop/src/muffin-4.6.3+ulyana/cogl'
make[2]: Leaving directory '/home/kylis/Desktop/src/muffin-4.6.3+ulyana/cogl'
this is the am__doit target
configure:4626: $? = 0
configure:4645: result: yes (GNU style)
configure:4678: checking whether make supports nested variables
configure:4695: result: yes
configure:4775: checking whether UID '1000' is supported by ustar format
configure:4778: result: yes
configure:4785: checking whether GID '1000' is supported by ustar format
configure:4788: result: yes
configure:4796: checking how to create a ustar tar archive
configure:4807: tar --version
tar (GNU tar) 1.30
Copyright (C) 2017 Free Software Foundation, Inc.
License GPLv3+: GNU GPL version 3 or later <https://gnu.org/licenses/gpl.html>.
This is free software: you are free to change and redistribute it.
There is NO WARRANTY, to the extent permitted by law.

Written by John Gilmore and Jay Fenlason.
configure:4810: $? = 0
configure:4850: tardir=conftest.dir && eval tar --format=ustar -chf - "$tardir" >conftest.tar
configure:4853: $? = 0
configure:4857: tar -xf - <conftest.tar
configure:4860: $? = 0
configure:4862: cat conftest.dir/file
GrepMe
configure:4865: $? = 0
configure:4878: result: gnutar
configure:4887: checking dependency style of gcc
configure:4998: result: none
configure:5067: checking whether make supports nested variables
configure:5084: result: yes
configure:5180: checking for gcc
configure:5207: result: gcc
configure:5436: checking for C compiler version
configure:5445: gcc --version >&5
gcc (Ubuntu 9.3.0-17ubuntu1~20.04) 9.3.0
Copyright (C) 2019 Free Software Foundation, Inc.
This is free software; see the source for copying conditions.  There is NO
warranty; not even for MERCHANTABILITY or FITNESS FOR A PARTICULAR PURPOSE.

configure:5456: $? = 0
configure:5445: gcc -v >&5
Using built-in specs.
COLLECT_GCC=gcc
COLLECT_LTO_WRAPPER=/usr/lib/gcc/x86_64-linux-gnu/9/lto-wrapper
OFFLOAD_TARGET_NAMES=nvptx-none:hsa
OFFLOAD_TARGET_DEFAULT=1
Target: x86_64-linux-gnu
Configured with: ../src/configure -v --with-pkgversion='Ubuntu 9.3.0-17ubuntu1~20.04' --with-bugurl=file:///usr/share/doc/gcc-9/README.Bugs --enable-languages=c,ada,c++,go,brig,d,fortran,objc,obj-c++,gm2 --prefix=/usr --with-gcc-major-version-only --program-suffix=-9 --program-prefix=x86_64-linux-gnu- --enable-shared --enable-linker-build-id --libexecdir=/usr/lib --without-included-gettext --enable-threads=posix --libdir=/usr/lib --enable-nls --enable-clocale=gnu --enable-libstdcxx-debug --enable-libstdcxx-time=yes --with-default-libstdcxx-abi=new --enable-gnu-unique-object --disable-vtable-verify --enable-plugin --enable-default-pie --with-system-zlib --with-target-system-zlib=auto --enable-objc-gc=auto --enable-multiarch --disable-werror --with-arch-32=i686 --with-abi=m64 --with-multilib-list=m32,m64,mx32 --enable-multilib --with-tune=generic --enable-offload-targets=nvptx-none=/build/gcc-9-HskZEa/gcc-9-9.3.0/debian/tmp-nvptx/usr,hsa --without-cuda-driver --enable-checking=release --build=x86_64-linux-gnu --host=x86_64-linux-gnu --target=x86_64-linux-gnu
Thread model: posix
gcc version 9.3.0 (Ubuntu 9.3.0-17ubuntu1~20.04) 
configure:5456: $? = 0
configure:5445: gcc -V >&5
gcc: error: unrecognized command line option '-V'
gcc: fatal error: no input files
compilation terminated.
configure:5456: $? = 1
configure:5445: gcc -qversion >&5
gcc: error: unrecognized command line option '-qversion'; did you mean '--version'?
gcc: fatal error: no input files
compilation terminated.
configure:5456: $? = 1
configure:5460: checking whether we are using the GNU C compiler
configure:5488: result: yes
configure:5497: checking whether gcc accepts -g
configure:5558: result: yes
configure:5575: checking for gcc option to accept ISO C89
configure:5651: result: none needed
configure:5676: checking whether gcc understands -c and -o together
configure:5713: result: yes
configure:5735: checking how to run the C preprocessor
configure:5805: result: gcc -E
configure:5825: gcc -E -Wdate-time -D_FORTIFY_SOURCE=2 conftest.c
configure:5825: $? = 0
configure:5839: gcc -E -Wdate-time -D_FORTIFY_SOURCE=2 conftest.c
conftest.c:24:10: fatal error: ac_nonexistent.h: No such file or directory
   24 | #include <ac_nonexistent.h>
      |          ^~~~~~~~~~~~~~~~~~
compilation terminated.
configure:5839: $? = 1
configure: failed program was:
| /* confdefs.h */
| #define PACKAGE_NAME "cogl"
| #define PACKAGE_TARNAME "cogl"
| #define PACKAGE_VERSION "1.22.1"
| #define PACKAGE_STRING "cogl 1.22.1"
| #define PACKAGE_BUGREPORT ""
| #define PACKAGE_URL ""
| #define STDC_HEADERS 1
| #define HAVE_SYS_TYPES_H 1
| #define HAVE_SYS_STAT_H 1
| #define HAVE_STDLIB_H 1
| #define HAVE_STRING_H 1
| #define HAVE_MEMORY_H 1
| #define HAVE_STRINGS_H 1
| #define HAVE_INTTYPES_H 1
| #define HAVE_STDINT_H 1
| #define HAVE_UNISTD_H 1
| #define __EXTENSIONS__ 1
| #define _ALL_SOURCE 1
| #define _GNU_SOURCE 1
| #define _POSIX_PTHREAD_SEMANTICS 1
| #define _TANDEM_SOURCE 1
| /* end confdefs.h.  */
| #include <ac_nonexistent.h>
configure:5925: checking for g++
configure:5941: found /usr/bin/g++
configure:5952: result: g++
configure:5979: checking for C++ compiler version
configure:5988: g++ --version >&5
g++ (Ubuntu 9.3.0-17ubuntu1~20.04) 9.3.0
Copyright (C) 2019 Free Software Foundation, Inc.
This is free software; see the source for copying conditions.  There is NO
warranty; not even for MERCHANTABILITY or FITNESS FOR A PARTICULAR PURPOSE.

configure:5999: $? = 0
configure:5988: g++ -v >&5
Using built-in specs.
COLLECT_GCC=g++
COLLECT_LTO_WRAPPER=/usr/lib/gcc/x86_64-linux-gnu/9/lto-wrapper
OFFLOAD_TARGET_NAMES=nvptx-none:hsa
OFFLOAD_TARGET_DEFAULT=1
Target: x86_64-linux-gnu
Configured with: ../src/configure -v --with-pkgversion='Ubuntu 9.3.0-17ubuntu1~20.04' --with-bugurl=file:///usr/share/doc/gcc-9/README.Bugs --enable-languages=c,ada,c++,go,brig,d,fortran,objc,obj-c++,gm2 --prefix=/usr --with-gcc-major-version-only --program-suffix=-9 --program-prefix=x86_64-linux-gnu- --enable-shared --enable-linker-build-id --libexecdir=/usr/lib --without-included-gettext --enable-threads=posix --libdir=/usr/lib --enable-nls --enable-clocale=gnu --enable-libstdcxx-debug --enable-libstdcxx-time=yes --with-default-libstdcxx-abi=new --enable-gnu-unique-object --disable-vtable-verify --enable-plugin --enable-default-pie --with-system-zlib --with-target-system-zlib=auto --enable-objc-gc=auto --enable-multiarch --disable-werror --with-arch-32=i686 --with-abi=m64 --with-multilib-list=m32,m64,mx32 --enable-multilib --with-tune=generic --enable-offload-targets=nvptx-none=/build/gcc-9-HskZEa/gcc-9-9.3.0/debian/tmp-nvptx/usr,hsa --without-cuda-driver --enable-checking=release --build=x86_64-linux-gnu --host=x86_64-linux-gnu --target=x86_64-linux-gnu
Thread model: posix
gcc version 9.3.0 (Ubuntu 9.3.0-17ubuntu1~20.04) 
configure:5999: $? = 0
configure:5988: g++ -V >&5
g++: error: unrecognized command line option '-V'
g++: fatal error: no input files
compilation terminated.
configure:5999: $? = 1
configure:5988: g++ -qversion >&5
g++: error: unrecognized command line option '-qversion'; did you mean '--version'?
g++: fatal error: no input files
compilation terminated.
configure:5999: $? = 1
configure:6003: checking whether we are using the GNU C++ compiler
configure:6022: g++ -c -g -O2 -fdebug-prefix-map=/home/kylis/Desktop/src/muffin-4.6.3+ulyana=. -fstack-protector-strong -Wformat -Werror=format-security -Wdate-time -D_FORTIFY_SOURCE=2 conftest.cpp >&5
configure:6022: $? = 0
configure:6031: result: yes
configure:6040: checking whether g++ accepts -g
configure:6060: g++ -c -g -Wdate-time -D_FORTIFY_SOURCE=2 conftest.cpp >&5
configure:6060: $? = 0
configure:6101: result: yes
configure:6126: checking dependency style of g++
configure:6237: result: none
configure:6253: checking for library containing strerror
configure:6284: gcc -o conftest -g -O2 -fdebug-prefix-map=/home/kylis/Desktop/src/muffin-4.6.3+ulyana=. -fstack-protector-strong -Wformat -Werror=format-security -Wdate-time -D_FORTIFY_SOURCE=2 -Wl,-Bsymbolic-functions -Wl,-z,relro -Wl,--as-needed conftest.c  >&5
configure:6284: $? = 0
configure:6301: result: none required
configure:6309: checking for an ANSI C-conforming const
configure:6375: gcc -c -g -O2 -fdebug-prefix-map=/home/kylis/Desktop/src/muffin-4.6.3+ulyana=. -fstack-protector-strong -Wformat -Werror=format-security -Wdate-time -D_FORTIFY_SOURCE=2 conftest.c >&5
configure:6375: $? = 0
configure:6382: result: yes
configure:6391: checking for _Static_assert
configure:6404: gcc -c -g -O2 -fdebug-prefix-map=/home/kylis/Desktop/src/muffin-4.6.3+ulyana=. -fstack-protector-strong -Wformat -Werror=format-security -Wdate-time -D_FORTIFY_SOURCE=2 conftest.c >&5
configure:6404: $? = 0
configure:6408: result: yes
configure:6446: checking build system type
configure:6460: result: x86_64-pc-linux-gnu
configure:6480: checking host system type
configure:6493: result: x86_64-pc-linux-gnu
configure:6534: checking how to print strings
configure:6561: result: printf
configure:6582: checking for a sed that does not truncate output
configure:6646: result: /bin/sed
configure:6664: checking for fgrep
configure:6726: result: /bin/grep -F
configure:6761: checking for ld used by gcc
configure:6828: result: /usr/bin/ld
configure:6835: checking if the linker (/usr/bin/ld) is GNU ld
configure:6850: result: yes
configure:6862: checking for BSD- or MS-compatible name lister (nm)
configure:6916: result: /usr/bin/nm -B
configure:7046: checking the name lister (/usr/bin/nm -B) interface
configure:7053: gcc -c -g -O2 -fdebug-prefix-map=/home/kylis/Desktop/src/muffin-4.6.3+ulyana=. -fstack-protector-strong -Wformat -Werror=format-security -Wdate-time -D_FORTIFY_SOURCE=2 conftest.c >&5
configure:7056: /usr/bin/nm -B "conftest.o"
configure:7059: output
0000000000000000 B some_variable
configure:7060: result: BSD nm
configure:7063: checking whether ln -s works
configure:7067: result: yes
configure:7075: checking the maximum length of command line arguments
configure:7206: result: 1572864
configure:7254: checking how to convert x86_64-pc-linux-gnu file names to x86_64-pc-linux-gnu format
configure:7294: result: func_convert_file_noop
configure:7301: checking how to convert x86_64-pc-linux-gnu file names to toolchain format
configure:7321: result: func_convert_file_noop
configure:7328: checking for /usr/bin/ld option to reload object files
configure:7335: result: -r
configure:7409: checking for objdump
configure:7425: found /usr/bin/objdump
configure:7436: result: objdump
configure:7468: checking how to recognize dependent libraries
configure:7668: result: pass_all
configure:7753: checking for dlltool
configure:7783: result: no
configure:7813: checking how to associate runtime and link libraries
configure:7840: result: printf %s\n
configure:7900: checking for ar
configure:7916: found /usr/bin/ar
configure:7927: result: ar
configure:7964: checking for archiver @FILE support
configure:7981: gcc -c -g -O2 -fdebug-prefix-map=/home/kylis/Desktop/src/muffin-4.6.3+ulyana=. -fstack-protector-strong -Wformat -Werror=format-security -Wdate-time -D_FORTIFY_SOURCE=2 conftest.c >&5
configure:7981: $? = 0
configure:7984: ar cr libconftest.a @conftest.lst >&5
configure:7987: $? = 0
configure:7992: ar cr libconftest.a @conftest.lst >&5
ar: conftest.o: No such file or directory
configure:7995: $? = 1
configure:7994: result: @
configure:8052: checking for strip
configure:8068: found /usr/bin/strip
configure:8079: result: strip
configure:8151: checking for ranlib
configure:8167: found /usr/bin/ranlib
configure:8178: result: ranlib
configure:8280: checking command to parse /usr/bin/nm -B output from gcc object
configure:8433: gcc -c -g -O2 -fdebug-prefix-map=/home/kylis/Desktop/src/muffin-4.6.3+ulyana=. -fstack-protector-strong -Wformat -Werror=format-security -Wdate-time -D_FORTIFY_SOURCE=2 conftest.c >&5
configure:8436: $? = 0
configure:8440: /usr/bin/nm -B conftest.o | sed -n -e 's/^.*[	 ]\([ABCDGIRSTW][ABCDGIRSTW]*\)[	 ][	 ]*\([_A-Za-z][_A-Za-z0-9]*\)$/\1 \2 \2/p' | sed '/ __gnu_lto/d' > conftest.nm
configure:8506: gcc -o conftest -g -O2 -fdebug-prefix-map=/home/kylis/Desktop/src/muffin-4.6.3+ulyana=. -fstack-protector-strong -Wformat -Werror=format-security -Wdate-time -D_FORTIFY_SOURCE=2 -Wl,-Bsymbolic-functions -Wl,-z,relro -Wl,--as-needed conftest.c conftstm.o >&5
configure:8509: $? = 0
configure:8547: result: ok
configure:8594: checking for sysroot
configure:8624: result: no
configure:8631: checking for a working dd
configure:8669: result: /bin/dd
configure:8673: checking how to truncate binary pipes
configure:8688: result: /bin/dd bs=4096 count=1
configure:8824: gcc -c -g -O2 -fdebug-prefix-map=/home/kylis/Desktop/src/muffin-4.6.3+ulyana=. -fstack-protector-strong -Wformat -Werror=format-security -Wdate-time -D_FORTIFY_SOURCE=2 conftest.c >&5
configure:8827: $? = 0
configure:9017: checking for mt
configure:9033: found /bin/mt
configure:9044: result: mt
configure:9067: checking if mt is a manifest tool
configure:9073: mt '-?'
configure:9081: result: no
configure:9755: checking for dlfcn.h
configure:9755: gcc -c -g -O2 -fdebug-prefix-map=/home/kylis/Desktop/src/muffin-4.6.3+ulyana=. -fstack-protector-strong -Wformat -Werror=format-security -Wdate-time -D_FORTIFY_SOURCE=2 conftest.c >&5
configure:9755: $? = 0
configure:9755: result: yes
configure:10021: checking for objdir
configure:10036: result: .libs
configure:10300: checking if gcc supports -fno-rtti -fno-exceptions
configure:10318: gcc -c -g -O2 -fdebug-prefix-map=/home/kylis/Desktop/src/muffin-4.6.3+ulyana=. -fstack-protector-strong -Wformat -Werror=format-security -Wdate-time -D_FORTIFY_SOURCE=2 -fno-rtti -fno-exceptions conftest.c >&5
cc1: warning: command line option '-fno-rtti' is valid for C++/D/ObjC++ but not for C
configure:10322: $? = 0
configure:10335: result: no
configure:10699: checking for gcc option to produce PIC
configure:10706: result: -fPIC -DPIC
configure:10714: checking if gcc PIC flag -fPIC -DPIC works
configure:10732: gcc -c -g -O2 -fdebug-prefix-map=/home/kylis/Desktop/src/muffin-4.6.3+ulyana=. -fstack-protector-strong -Wformat -Werror=format-security -Wdate-time -D_FORTIFY_SOURCE=2 -fPIC -DPIC -DPIC conftest.c >&5
configure:10736: $? = 0
configure:10749: result: yes
configure:10778: checking if gcc static flag -static works
configure:10806: result: yes
configure:10821: checking if gcc supports -c -o file.o
configure:10842: gcc -c -g -O2 -fdebug-prefix-map=/home/kylis/Desktop/src/muffin-4.6.3+ulyana=. -fstack-protector-strong -Wformat -Werror=format-security -Wdate-time -D_FORTIFY_SOURCE=2 -o out/conftest2.o conftest.c >&5
configure:10846: $? = 0
configure:10868: result: yes
configure:10876: checking if gcc supports -c -o file.o
configure:10923: result: yes
configure:10956: checking whether the gcc linker (/usr/bin/ld -m elf_x86_64) supports shared libraries
configure:12219: result: yes
configure:12256: checking whether -lc should be explicitly linked in
configure:12264: gcc -c -g -O2 -fdebug-prefix-map=/home/kylis/Desktop/src/muffin-4.6.3+ulyana=. -fstack-protector-strong -Wformat -Werror=format-security -Wdate-time -D_FORTIFY_SOURCE=2 conftest.c >&5
configure:12267: $? = 0
configure:12282: gcc -shared  -fPIC -DPIC conftest.o  -v -Wl,-soname -Wl,conftest -o conftest 2\>\&1 \| /bin/grep  -lc  \>/dev/null 2\>\&1
configure:12285: $? = 0
configure:12299: result: no
configure:12459: checking dynamic linker characteristics
configure:13040: gcc -o conftest -g -O2 -fdebug-prefix-map=/home/kylis/Desktop/src/muffin-4.6.3+ulyana=. -fstack-protector-strong -Wformat -Werror=format-security -Wdate-time -D_FORTIFY_SOURCE=2 -Wl,-Bsymbolic-functions -Wl,-z,relro -Wl,--as-needed -Wl,-rpath -Wl,/foo conftest.c  >&5
configure:13040: $? = 0
configure:13289: result: GNU/Linux ld.so
configure:13411: checking how to hardcode library paths into programs
configure:13436: result: immediate
configure:13984: checking whether stripping libraries is possible
configure:13989: result: yes
configure:14024: checking if libtool supports shared libraries
configure:14026: result: yes
configure:14029: checking whether to build shared libraries
configure:14054: result: yes
configure:14057: checking whether to build static libraries
configure:14061: result: no
configure:10860: checking how to run the C++ preprocessor
configure:10887: g++ -E -Wdate-time -D_FORTIFY_SOURCE=2 conftest.cpp
configure:10887: $? = 0
configure:10901: g++ -E -Wdate-time -D_FORTIFY_SOURCE=2 conftest.cpp
conftest.cpp:27:10: fatal error: ac_nonexistent.h: No such file or directory
   27 | #include <ac_nonexistent.h>
      |          ^~~~~~~~~~~~~~~~~~
compilation terminated.
configure:10901: $? = 1
configure: failed program was:
| /* confdefs.h */
| #define PACKAGE_NAME "cogl"
| #define PACKAGE_TARNAME "cogl"
| #define PACKAGE_VERSION "1.22.1"
| #define PACKAGE_STRING "cogl 1.22.1"
| #define PACKAGE_BUGREPORT ""
| #define PACKAGE_URL ""
| #define STDC_HEADERS 1
| #define HAVE_SYS_TYPES_H 1
| #define HAVE_SYS_STAT_H 1
| #define HAVE_STDLIB_H 1
| #define HAVE_STRING_H 1
| #define HAVE_MEMORY_H 1
| #define HAVE_STRINGS_H 1
| #define HAVE_INTTYPES_H 1
| #define HAVE_STDINT_H 1
| #define HAVE_UNISTD_H 1
| #define __EXTENSIONS__ 1
| #define _ALL_SOURCE 1
| #define _GNU_SOURCE 1
| #define _POSIX_PTHREAD_SEMANTICS 1
| #define _TANDEM_SOURCE 1
| #define HAVE_STATIC_ASSERT 1
| #define HAVE_DLFCN_H 1
| #define LT_OBJDIR ".libs/"
| /* end confdefs.h.  */
| #include <ac_nonexistent.h>
configure:10926: result: g++ -E
configure:10946: g++ -E -Wdate-time -D_FORTIFY_SOURCE=2 conftest.cpp
configure:10946: $? = 0
configure:10960: g++ -E -Wdate-time -D_FORTIFY_SOURCE=2 conftest.cpp
conftest.cpp:27:10: fatal error: ac_nonexistent.h: No such file or directory
   27 | #include <ac_nonexistent.h>
      |          ^~~~~~~~~~~~~~~~~~
compilation terminated.
configure:10960: $? = 1
configure: failed program was:
| /* confdefs.h */
| #define PACKAGE_NAME "cogl"
| #define PACKAGE_TARNAME "cogl"
| #define PACKAGE_VERSION "1.22.1"
| #define PACKAGE_STRING "cogl 1.22.1"
| #define PACKAGE_BUGREPORT ""
| #define PACKAGE_URL ""
| #define STDC_HEADERS 1
| #define HAVE_SYS_TYPES_H 1
| #define HAVE_SYS_STAT_H 1
| #define HAVE_STDLIB_H 1
| #define HAVE_STRING_H 1
| #define HAVE_MEMORY_H 1
| #define HAVE_STRINGS_H 1
| #define HAVE_INTTYPES_H 1
| #define HAVE_STDINT_H 1
| #define HAVE_UNISTD_H 1
| #define __EXTENSIONS__ 1
| #define _ALL_SOURCE 1
| #define _GNU_SOURCE 1
| #define _POSIX_PTHREAD_SEMANTICS 1
| #define _TANDEM_SOURCE 1
| #define HAVE_STATIC_ASSERT 1
| #define HAVE_DLFCN_H 1
| #define LT_OBJDIR ".libs/"
| /* end confdefs.h.  */
| #include <ac_nonexistent.h>
configure:11122: checking for ld used by g++
configure:11189: result: /usr/bin/ld -m elf_x86_64
configure:11196: checking if the linker (/usr/bin/ld -m elf_x86_64) is GNU ld
configure:11211: result: yes
configure:11266: checking whether the g++ linker (/usr/bin/ld -m elf_x86_64) supports shared libraries
configure:12339: result: yes
configure:12375: g++ -c -g -O2 -fdebug-prefix-map=/home/kylis/Desktop/src/muffin-4.6.3+ulyana=. -fstack-protector-strong -Wformat -Werror=format-security -Wdate-time -D_FORTIFY_SOURCE=2 conftest.cpp >&5
configure:12378: $? = 0
configure:12859: checking for g++ option to produce PIC
configure:12866: result: -fPIC -DPIC
configure:12874: checking if g++ PIC flag -fPIC -DPIC works
configure:12892: g++ -c -g -O2 -fdebug-prefix-map=/home/kylis/Desktop/src/muffin-4.6.3+ulyana=. -fstack-protector-strong -Wformat -Werror=format-security -Wdate-time -D_FORTIFY_SOURCE=2 -fPIC -DPIC -DPIC conftest.cpp >&5
configure:12896: $? = 0
configure:12909: result: yes
configure:12932: checking if g++ static flag -static works
configure:12960: result: yes
configure:12972: checking if g++ supports -c -o file.o
configure:12993: g++ -c -g -O2 -fdebug-prefix-map=/home/kylis/Desktop/src/muffin-4.6.3+ulyana=. -fstack-protector-strong -Wformat -Werror=format-security -Wdate-time -D_FORTIFY_SOURCE=2 -o out/conftest2.o conftest.cpp >&5
configure:12997: $? = 0
configure:13019: result: yes
configure:13024: checking if g++ supports -c -o file.o
configure:13071: result: yes
configure:13101: checking whether the g++ linker (/usr/bin/ld -m elf_x86_64) supports shared libraries
configure:13144: result: yes
configure:13285: checking dynamic linker characteristics
configure:14042: result: GNU/Linux ld.so
configure:14107: checking how to hardcode library paths into programs
configure:14132: result: immediate
configure:13025: creating ./config.lt

## ------------------ ##
## Running config.lt. ##
## ------------------ ##
config.lt:679: creating libtool
configure:14664: checking for cos in -lm
configure:14689: gcc -o conftest -g -O2 -fdebug-prefix-map=/home/kylis/Desktop/src/muffin-4.6.3+ulyana=. -fstack-protector-strong -Wformat -Werror=format-security -Wdate-time -D_FORTIFY_SOURCE=2 -Wl,-Bsymbolic-functions -Wl,-z,relro -Wl,--as-needed conftest.c -lm   >&5
conftest.c:34:6: warning: conflicting types for built-in function 'cos'; expected 'double(double)' [-Wbuiltin-declaration-mismatch]
   34 | char cos ();
      |      ^~~
conftest.c:1:1: note: 'cos' is declared in header '<math.h>'
    1 | /* confdefs.h */
configure:14689: $? = 0
configure:14698: result: yes
configure:14835: checking for pkg-config
configure:14853: found /usr/bin/pkg-config
configure:14865: result: /usr/bin/pkg-config
configure:14890: checking pkg-config is at least version 0.9.0
configure:14893: result: yes
configure:14902: $PKG_CONFIG --exists --print-errors "CAIRO"
Package CAIRO was not found in the pkg-config search path.
Perhaps you should add the directory containing `CAIRO.pc'
to the PKG_CONFIG_PATH environment variable
No package 'CAIRO' found
configure:14905: $? = 1
configure:15000: checking for supported compiler flags
configure:15017: gcc -c -g -O2 -fdebug-prefix-map=/home/kylis/Desktop/src/muffin-4.6.3+ulyana=. -fstack-protector-strong -Wformat -Werror=format-security -Wall -Wdate-time -D_FORTIFY_SOURCE=2 conftest.c >&5
configure:15017: $? = 0
configure:15017: gcc -c -g -O2 -fdebug-prefix-map=/home/kylis/Desktop/src/muffin-4.6.3+ulyana=. -fstack-protector-strong -Wformat -Werror=format-security -Wcast-align -Wdate-time -D_FORTIFY_SOURCE=2 conftest.c >&5
configure:15017: $? = 0
configure:15017: gcc -c -g -O2 -fdebug-prefix-map=/home/kylis/Desktop/src/muffin-4.6.3+ulyana=. -fstack-protector-strong -Wformat -Werror=format-security -Wformat -Wdate-time -D_FORTIFY_SOURCE=2 conftest.c >&5
configure:15017: $? = 0
configure:15017: gcc -c -g -O2 -fdebug-prefix-map=/home/kylis/Desktop/src/muffin-4.6.3+ulyana=. -fstack-protector-strong -Wformat -Werror=format-security -Wformat-security -Wdate-time -D_FORTIFY_SOURCE=2 conftest.c >&5
configure:15017: $? = 0
configure:15017: gcc -c -g -O2 -fdebug-prefix-map=/home/kylis/Desktop/src/muffin-4.6.3+ulyana=. -fstack-protector-strong -Wformat -Werror=format-security -Werror=uninitialized -Wdate-time -D_FORTIFY_SOURCE=2 conftest.c >&5
configure:15017: $? = 0
configure:15017: gcc -c -g -O2 -fdebug-prefix-map=/home/kylis/Desktop/src/muffin-4.6.3+ulyana=. -fstack-protector-strong -Wformat -Werror=format-security -Werror=no-strict-aliasing -Wdate-time -D_FORTIFY_SOURCE=2 conftest.c >&5
cc1: error: '-Werror=no-strict-aliasing': no option -Wno-strict-aliasing
configure:15017: $? = 1
configure: failed program was:
| /* confdefs.h */
| #define PACKAGE_NAME "cogl"
| #define PACKAGE_TARNAME "cogl"
| #define PACKAGE_VERSION "1.22.1"
| #define PACKAGE_STRING "cogl 1.22.1"
| #define PACKAGE_BUGREPORT ""
| #define PACKAGE_URL ""
| #define STDC_HEADERS 1
| #define HAVE_SYS_TYPES_H 1
| #define HAVE_SYS_STAT_H 1
| #define HAVE_STDLIB_H 1
| #define HAVE_STRING_H 1
| #define HAVE_MEMORY_H 1
| #define HAVE_STRINGS_H 1
| #define HAVE_INTTYPES_H 1
| #define HAVE_STDINT_H 1
| #define HAVE_UNISTD_H 1
| #define __EXTENSIONS__ 1
| #define _ALL_SOURCE 1
| #define _GNU_SOURCE 1
| #define _POSIX_PTHREAD_SEMANTICS 1
| #define _TANDEM_SOURCE 1
| #define HAVE_STATIC_ASSERT 1
| #define HAVE_DLFCN_H 1
| #define LT_OBJDIR ".libs/"
| #define ENABLE_UNIT_TESTS 1
| #define HAVE_CAIRO 1
| /* end confdefs.h.  */
| 
| int
| main ()
| {
| 
|   ;
|   return 0;
| }
configure:15017: gcc -c -g -O2 -fdebug-prefix-map=/home/kylis/Desktop/src/muffin-4.6.3+ulyana=. -fstack-protector-strong -Wformat -Werror=format-security -Werror=empty-body -Wdate-time -D_FORTIFY_SOURCE=2 conftest.c >&5
configure:15017: $? = 0
configure:15017: gcc -c -g -O2 -fdebug-prefix-map=/home/kylis/Desktop/src/muffin-4.6.3+ulyana=. -fstack-protector-strong -Wformat -Werror=format-security -Werror=init-self -Wdate-time -D_FORTIFY_SOURCE=2 conftest.c >&5
configure:15017: $? = 0
configure:15017: gcc -c -g -O2 -fdebug-prefix-map=/home/kylis/Desktop/src/muffin-4.6.3+ulyana=. -fstack-protector-strong -Wformat -Werror=format-security -Werror=undef -Wdate-time -D_FORTIFY_SOURCE=2 conftest.c >&5
configure:15017: $? = 0
configure:15017: gcc -c -g -O2 -fdebug-prefix-map=/home/kylis/Desktop/src/muffin-4.6.3+ulyana=. -fstack-protector-strong -Wformat -Werror=format-security -Werror=declaration-after-statement -Wdate-time -D_FORTIFY_SOURCE=2 conftest.c >&5
configure:15017: $? = 0
configure:15017: gcc -c -g -O2 -fdebug-prefix-map=/home/kylis/Desktop/src/muffin-4.6.3+ulyana=. -fstack-protector-strong -Wformat -Werror=format-security -Werror=vla -Wdate-time -D_FORTIFY_SOURCE=2 conftest.c >&5
configure:15017: $? = 0
configure:15017: gcc -c -g -O2 -fdebug-prefix-map=/home/kylis/Desktop/src/muffin-4.6.3+ulyana=. -fstack-protector-strong -Wformat -Werror=format-security -Werror=pointer-arith -Wdate-time -D_FORTIFY_SOURCE=2 conftest.c >&5
configure:15017: $? = 0
configure:15017: gcc -c -g -O2 -fdebug-prefix-map=/home/kylis/Desktop/src/muffin-4.6.3+ulyana=. -fstack-protector-strong -Wformat -Werror=format-security -Werror=missing-declarations -Wdate-time -D_FORTIFY_SOURCE=2 conftest.c >&5
configure:15017: $? = 0
configure:15017: gcc -c -g -O2 -fdebug-prefix-map=/home/kylis/Desktop/src/muffin-4.6.3+ulyana=. -fstack-protector-strong -Wformat -Werror=format-security -Werror=maybe-uninitialized -Wdate-time -D_FORTIFY_SOURCE=2 conftest.c >&5
configure:15017: $? = 0
configure:15031: result:  -Wall -Wcast-align -Wformat -Wformat-security -Werror=uninitialized -Werror=empty-body -Werror=init-self -Werror=undef -Werror=declaration-after-statement -Werror=vla -Werror=pointer-arith -Werror=missing-declarations -Werror=maybe-uninitialized
configure:15034: WARNING: unsupported compiler flags:  -Werror=no-strict-aliasing
configure:15222: checking for pkg-config
configure:15252: result: /usr/bin/pkg-config
configure:15277: checking pkg-config is at least version 0.16
configure:15280: result: yes
configure:15298: checking for GLIB
configure:15305: $PKG_CONFIG --exists --print-errors "$pkg_config_args"
configure:15308: $? = 0
configure:15322: $PKG_CONFIG --exists --print-errors "$pkg_config_args"
configure:15325: $? = 0
configure:15363: result: yes
configure:15373: $PKG_CONFIG --exists --print-errors "glib-2.0"
configure:15376: $? = 0
configure:15396: $PKG_CONFIG --exists --print-errors "glib-2.0"
configure:15399: $? = 0
configure:15419: $PKG_CONFIG --exists --print-errors "glib-2.0"
configure:15422: $? = 0
configure:15442: $PKG_CONFIG --exists --print-errors "gio-2.0"
configure:15445: $? = 0
configure:15461: checking for GLIB - version >= 2.32.0
configure:15566: gcc -o conftest -g -O2 -fdebug-prefix-map=/home/kylis/Desktop/src/muffin-4.6.3+ulyana=. -fstack-protector-strong -Wformat -Werror=format-security -pthread -I/usr/include/glib-2.0 -I/usr/lib/x86_64-linux-gnu/glib-2.0/include -Wdate-time -D_FORTIFY_SOURCE=2 -Wl,-Bsymbolic-functions -Wl,-z,relro -Wl,--as-needed conftest.c -lgobject-2.0 -lgthread-2.0 -pthread -lgmodule-2.0 -pthread -lglib-2.0  >&5
configure:15566: $? = 0
configure:15566: ./conftest
configure:15566: $? = 0
configure:15580: result: yes (version 2.64.3)
configure:15958: $PKG_CONFIG --exists --print-errors "x11"
configure:15961: $? = 0
configure:15969: $PKG_CONFIG --exists --print-errors "gl"
configure:15972: $? = 0
configure:16377: $PKG_CONFIG --exists --print-errors "egl"
configure:16380: $? = 0
configure:16491: checking for DUMMY
configure:16498: $PKG_CONFIG --exists --print-errors "$X11_MODULES"
configure:16501: $? = 0
configure:16515: $PKG_CONFIG --exists --print-errors "$X11_MODULES"
configure:16518: $? = 0
configure:16576: result: yes
configure:16625: checking for COGL_DEP
configure:16632: $PKG_CONFIG --exists --print-errors "$COGL_PKG_REQUIRES"
configure:16635: $? = 0
configure:16649: $PKG_CONFIG --exists --print-errors "$COGL_PKG_REQUIRES"
configure:16652: $? = 0
configure:16710: result: yes
configure:16718: checking for COGL_DEP_GL
configure:16725: $PKG_CONFIG --exists --print-errors "$COGL_PKG_REQUIRES_GL"
configure:16728: $? = 0
configure:16742: $PKG_CONFIG --exists --print-errors "$COGL_PKG_REQUIRES_GL"
configure:16745: $? = 0
configure:16803: result: yes
configure:16832: checking for COGL_PANGO_DEP
configure:16839: $PKG_CONFIG --exists --print-errors "$COGL_PANGO_PKG_REQUIRES"
configure:16842: $? = 0
configure:16856: $PKG_CONFIG --exists --print-errors "$COGL_PANGO_PKG_REQUIRES"
configure:16859: $? = 0
configure:16917: result: yes
configure:16954: checking for gobject-introspection
configure:16985: $PKG_CONFIG --exists --print-errors "gobject-introspection-1.0 >= 0.9.5"
configure:16988: $? = 0
configure:16999: result: yes
configure:17037: checking for X
configure:17145: gcc -E -Wdate-time -D_FORTIFY_SOURCE=2 conftest.c
configure:17145: $? = 0
configure:17176: gcc -o conftest -g -O2 -fdebug-prefix-map=/home/kylis/Desktop/src/muffin-4.6.3+ulyana=. -fstack-protector-strong -Wformat -Werror=format-security -Wdate-time -D_FORTIFY_SOURCE=2 -Wl,-Bsymbolic-functions -Wl,-z,relro -Wl,--as-needed conftest.c -lX11  >&5
configure:17176: $? = 0
configure:17226: result: libraries , headers 
configure:17230: checking for ANSI C header files
configure:17334: result: yes
configure:17345: checking fcntl.h usability
configure:17345: gcc -c -g -O2 -fdebug-prefix-map=/home/kylis/Desktop/src/muffin-4.6.3+ulyana=. -fstack-protector-strong -Wformat -Werror=format-security -Wdate-time -D_FORTIFY_SOURCE=2 conftest.c >&5
configure:17345: $? = 0
configure:17345: result: yes
configure:17345: checking fcntl.h presence
configure:17345: gcc -E -Wdate-time -D_FORTIFY_SOURCE=2 conftest.c
configure:17345: $? = 0
configure:17345: result: yes
configure:17345: checking for fcntl.h
configure:17345: result: yes
configure:17345: checking limits.h usability
configure:17345: gcc -c -g -O2 -fdebug-prefix-map=/home/kylis/Desktop/src/muffin-4.6.3+ulyana=. -fstack-protector-strong -Wformat -Werror=format-security -Wdate-time -D_FORTIFY_SOURCE=2 conftest.c >&5
configure:17345: $? = 0
configure:17345: result: yes
configure:17345: checking limits.h presence
configure:17345: gcc -E -Wdate-time -D_FORTIFY_SOURCE=2 conftest.c
configure:17345: $? = 0
configure:17345: result: yes
configure:17345: checking for limits.h
configure:17345: result: yes
configure:17345: checking for unistd.h
configure:17345: result: yes
configure:17355: checking endian.h usability
configure:17355: gcc -c -g -O2 -fdebug-prefix-map=/home/kylis/Desktop/src/muffin-4.6.3+ulyana=. -fstack-protector-strong -Wformat -Werror=format-security -Wdate-time -D_FORTIFY_SOURCE=2 conftest.c >&5
configure:17355: $? = 0
configure:17355: result: yes
configure:17355: checking endian.h presence
configure:17355: gcc -E -Wdate-time -D_FORTIFY_SOURCE=2 conftest.c
configure:17355: $? = 0
configure:17355: result: yes
configure:17355: checking for endian.h
configure:17355: result: yes
configure:17357: checking whether __FLOAT_WORD_ORDER is declared
configure:17357: gcc -c -g -O2 -fdebug-prefix-map=/home/kylis/Desktop/src/muffin-4.6.3+ulyana=. -fstack-protector-strong -Wformat -Werror=format-security -Wdate-time -D_FORTIFY_SOURCE=2 conftest.c >&5
configure:17357: $? = 0
configure:17357: result: yes
configure:17371: checking for ffs
configure:17371: gcc -o conftest -g -O2 -fdebug-prefix-map=/home/kylis/Desktop/src/muffin-4.6.3+ulyana=. -fstack-protector-strong -Wformat -Werror=format-security -Wdate-time -D_FORTIFY_SOURCE=2 -Wl,-Bsymbolic-functions -Wl,-z,relro -Wl,--as-needed conftest.c  >&5
conftest.c:58:6: warning: conflicting types for built-in function 'ffs'; expected 'int(int)' [-Wbuiltin-declaration-mismatch]
   58 | char ffs ();
      |      ^~~
configure:17371: $? = 0
configure:17371: result: yes
configure:17383: checking for memmem
configure:17383: gcc -o conftest -g -O2 -fdebug-prefix-map=/home/kylis/Desktop/src/muffin-4.6.3+ulyana=. -fstack-protector-strong -Wformat -Werror=format-security -Wdate-time -D_FORTIFY_SOURCE=2 -Wl,-Bsymbolic-functions -Wl,-z,relro -Wl,--as-needed conftest.c  >&5
configure:17383: $? = 0
configure:17383: result: yes
configure:17397: checking for sincos
configure:17397: gcc -o conftest -g -O2 -fdebug-prefix-map=/home/kylis/Desktop/src/muffin-4.6.3+ulyana=. -fstack-protector-strong -Wformat -Werror=format-security -Wdate-time -D_FORTIFY_SOURCE=2 -Wl,-Bsymbolic-functions -Wl,-z,relro -Wl,--as-needed conftest.c  -lm >&5
conftest.c:60:6: warning: conflicting types for built-in function 'sincos'; expected 'void(double,  double *, double *)' [-Wbuiltin-declaration-mismatch]
   60 | char sincos ();
      |      ^~~~~~
conftest.c:48:1: note: 'sincos' is declared in header '<math.h>'
   47 | # include <limits.h>
   48 | #else
configure:17397: $? = 0
configure:17397: result: yes
configure:17410: checking poll.h usability
configure:17410: gcc -c -g -O2 -fdebug-prefix-map=/home/kylis/Desktop/src/muffin-4.6.3+ulyana=. -fstack-protector-strong -Wformat -Werror=format-security -Wdate-time -D_FORTIFY_SOURCE=2 conftest.c >&5
configure:17410: $? = 0
configure:17410: result: yes
configure:17410: checking poll.h presence
configure:17410: gcc -E -Wdate-time -D_FORTIFY_SOURCE=2 conftest.c
configure:17410: $? = 0
configure:17410: result: yes
configure:17410: checking for poll.h
configure:17410: result: yes
configure:17413: gcc -o conftest -g -O2 -fdebug-prefix-map=/home/kylis/Desktop/src/muffin-4.6.3+ulyana=. -fstack-protector-strong -Wformat -Werror=format-security -Wdate-time -D_FORTIFY_SOURCE=2 -Wl,-Bsymbolic-functions -Wl,-z,relro -Wl,--as-needed conftest.c  >&5
configure:17413: $? = 0
configure:17413: ./conftest
configure:17413: $? = 0
configure:17419: gcc -o conftest -g -O2 -fdebug-prefix-map=/home/kylis/Desktop/src/muffin-4.6.3+ulyana=. -fstack-protector-strong -Wformat -Werror=format-security -Wdate-time -D_FORTIFY_SOURCE=2 -Wl,-Bsymbolic-functions -Wl,-z,relro -Wl,--as-needed conftest.c  >&5
configure:17419: $? = 0
configure:17419: ./conftest
configure:17419: $? = 0
configure:17425: gcc -o conftest -g -O2 -fdebug-prefix-map=/home/kylis/Desktop/src/muffin-4.6.3+ulyana=. -fstack-protector-strong -Wformat -Werror=format-security -Wdate-time -D_FORTIFY_SOURCE=2 -Wl,-Bsymbolic-functions -Wl,-z,relro -Wl,--as-needed conftest.c  >&5
configure:17425: $? = 0
configure:17425: ./conftest
configure:17425: $? = 0
configure:17431: gcc -o conftest -g -O2 -fdebug-prefix-map=/home/kylis/Desktop/src/muffin-4.6.3+ulyana=. -fstack-protector-strong -Wformat -Werror=format-security -Wdate-time -D_FORTIFY_SOURCE=2 -Wl,-Bsymbolic-functions -Wl,-z,relro -Wl,--as-needed conftest.c  >&5
configure:17431: $? = 0
configure:17431: ./conftest
configure:17431: $? = 0
configure:17437: gcc -o conftest -g -O2 -fdebug-prefix-map=/home/kylis/Desktop/src/muffin-4.6.3+ulyana=. -fstack-protector-strong -Wformat -Werror=format-security -Wdate-time -D_FORTIFY_SOURCE=2 -Wl,-Bsymbolic-functions -Wl,-z,relro -Wl,--as-needed conftest.c  >&5
configure:17437: $? = 0
configure:17437: ./conftest
configure:17437: $? = 0
configure:17443: gcc -o conftest -g -O2 -fdebug-prefix-map=/home/kylis/Desktop/src/muffin-4.6.3+ulyana=. -fstack-protector-strong -Wformat -Werror=format-security -Wdate-time -D_FORTIFY_SOURCE=2 -Wl,-Bsymbolic-functions -Wl,-z,relro -Wl,--as-needed conftest.c  >&5
configure:17443: $? = 0
configure:17443: ./conftest
configure:17443: $? = 0
configure:17611: checking that generated files are newer than configure
configure:17617: result: done
configure:17716: creating ./config.status

## ---------------------- ##
## Running config.status. ##
## ---------------------- ##

This file was extended by cogl config.status 1.22.1, which was
generated by GNU Autoconf 2.69.  Invocation command line was

  CONFIG_FILES    = 
  CONFIG_HEADERS  = 
  CONFIG_LINKS    = 
  CONFIG_COMMANDS = 
  $ ./config.status 

on Walkure

config.status:1312: creating Makefile
config.status:1312: creating test-fixtures/Makefile
config.status:1312: creating cogl/Makefile
config.status:1312: creating cogl/muffin-cogl-0.pc
config.status:1312: creating cogl/cogl-defines.h
config.status:1312: creating cogl/cogl-gl-header.h
config.status:1312: creating cogl/cogl-egl-defines.h
config.status:1312: creating cogl-pango/Makefile
config.status:1312: creating cogl-pango/muffin-cogl-pango-0.pc
config.status:1312: creating cogl-path/Makefile
config.status:1312: creating cogl-path/muffin-cogl-path-0.pc
config.status:1312: creating cogl-gles2/Makefile
config.status:1312: creating cogl-gles2/muffin-cogl-gles2-0.pc
config.status:1312: creating tests/Makefile
config.status:1312: creating tests/config.env
config.status:1312: creating tests/conform/Makefile
config.status:1312: creating tests/unit/Makefile
config.status:1312: creating tests/micro-perf/Makefile
config.status:1312: creating tests/data/Makefile
config.status:1312: creating cogl-config.h
config.status:1312: creating cogl-muffin-config.h
config.status:1541: executing depfiles commands
config.status:1541: executing libtool commands

## ---------------- ##
## Cache variables. ##
## ---------------- ##

ac_cv_build=x86_64-pc-linux-gnu
ac_cv_c_compiler_gnu=yes
ac_cv_c_const=yes
ac_cv_cxx_compiler_gnu=yes
ac_cv_env_CCC_set=
ac_cv_env_CCC_value=
ac_cv_env_CC_set=
ac_cv_env_CC_value=
ac_cv_env_CFLAGS_set=set
ac_cv_env_CFLAGS_value='-g -O2 -fdebug-prefix-map=/home/kylis/Desktop/src/muffin-4.6.3+ulyana=. -fstack-protector-strong -Wformat -Werror=format-security'
ac_cv_env_COGL_DEP_CFLAGS_set=
ac_cv_env_COGL_DEP_CFLAGS_value=
ac_cv_env_COGL_DEP_GL_CFLAGS_set=
ac_cv_env_COGL_DEP_GL_CFLAGS_value=
ac_cv_env_COGL_DEP_GL_LIBS_set=
ac_cv_env_COGL_DEP_GL_LIBS_value=
ac_cv_env_COGL_DEP_LIBS_set=
ac_cv_env_COGL_DEP_LIBS_value=
ac_cv_env_COGL_PANGO_DEP_CFLAGS_set=
ac_cv_env_COGL_PANGO_DEP_CFLAGS_value=
ac_cv_env_COGL_PANGO_DEP_LIBS_set=
ac_cv_env_COGL_PANGO_DEP_LIBS_value=
ac_cv_env_CPPFLAGS_set=set
ac_cv_env_CPPFLAGS_value='-Wdate-time -D_FORTIFY_SOURCE=2'
ac_cv_env_CPP_set=
ac_cv_env_CPP_value=
ac_cv_env_CXXCPP_set=
ac_cv_env_CXXCPP_value=
ac_cv_env_CXXFLAGS_set=set
ac_cv_env_CXXFLAGS_value='-g -O2 -fdebug-prefix-map=/home/kylis/Desktop/src/muffin-4.6.3+ulyana=. -fstack-protector-strong -Wformat -Werror=format-security'
ac_cv_env_CXX_set=
ac_cv_env_CXX_value=
ac_cv_env_DUMMY_CFLAGS_set=
ac_cv_env_DUMMY_CFLAGS_value=
ac_cv_env_DUMMY_LIBS_set=
ac_cv_env_DUMMY_LIBS_value=
ac_cv_env_GLIB_CFLAGS_set=
ac_cv_env_GLIB_CFLAGS_value=
ac_cv_env_GLIB_COMPILE_RESOURCES_set=
ac_cv_env_GLIB_COMPILE_RESOURCES_value=
ac_cv_env_GLIB_GENMARSHAL_set=
ac_cv_env_GLIB_GENMARSHAL_value=
ac_cv_env_GLIB_LIBS_set=
ac_cv_env_GLIB_LIBS_value=
ac_cv_env_GLIB_MKENUMS_set=
ac_cv_env_GLIB_MKENUMS_value=
ac_cv_env_GOBJECT_QUERY_set=
ac_cv_env_GOBJECT_QUERY_value=
ac_cv_env_LDFLAGS_set=set
ac_cv_env_LDFLAGS_value='-Wl,-Bsymbolic-functions -Wl,-z,relro -Wl,--as-needed'
ac_cv_env_LIBS_set=
ac_cv_env_LIBS_value=
ac_cv_env_LT_SYS_LIBRARY_PATH_set=
ac_cv_env_LT_SYS_LIBRARY_PATH_value=
ac_cv_env_MUFFIN_PLUGIN_API_VERSION_set=set
ac_cv_env_MUFFIN_PLUGIN_API_VERSION_value=0
ac_cv_env_MUFFIN_VERSION_set=set
ac_cv_env_MUFFIN_VERSION_value=4.6.3
ac_cv_env_PKG_CONFIG_LIBDIR_set=
ac_cv_env_PKG_CONFIG_LIBDIR_value=
ac_cv_env_PKG_CONFIG_PATH_set=
ac_cv_env_PKG_CONFIG_PATH_value=
ac_cv_env_PKG_CONFIG_set=
ac_cv_env_PKG_CONFIG_value=
ac_cv_env_WAYLAND_SERVER_CFLAGS_set=
ac_cv_env_WAYLAND_SERVER_CFLAGS_value=
ac_cv_env_WAYLAND_SERVER_LIBS_set=
ac_cv_env_WAYLAND_SERVER_LIBS_value=
ac_cv_env_XMKMF_set=
ac_cv_env_XMKMF_value=
ac_cv_env_build_alias_set=set
ac_cv_env_build_alias_value=x86_64-linux-gnu
ac_cv_env_host_alias_set=
ac_cv_env_host_alias_value=
ac_cv_env_target_alias_set=
ac_cv_env_target_alias_value=
ac_cv_func_ffs=yes
ac_cv_func_memmem=yes
ac_cv_func_sincos=yes
ac_cv_have_decl___FLOAT_WORD_ORDER=yes
ac_cv_have_x='have_x=yes	ac_x_includes='\'''\''	ac_x_libraries='\'''\'''
ac_cv_header_dlfcn_h=yes
ac_cv_header_endian_h=yes
ac_cv_header_fcntl_h=yes
ac_cv_header_inttypes_h=yes
ac_cv_header_limits_h=yes
ac_cv_header_memory_h=yes
ac_cv_header_minix_config_h=no
ac_cv_header_poll_h=yes
ac_cv_header_stdc=yes
ac_cv_header_stdint_h=yes
ac_cv_header_stdlib_h=yes
ac_cv_header_string_h=yes
ac_cv_header_strings_h=yes
ac_cv_header_sys_stat_h=yes
ac_cv_header_sys_types_h=yes
ac_cv_header_unistd_h=yes
ac_cv_host=x86_64-pc-linux-gnu
ac_cv_lib_m_cos=yes
ac_cv_objext=o
ac_cv_path_EGREP='/bin/grep -E'
ac_cv_path_FGREP='/bin/grep -F'
ac_cv_path_GREP=/bin/grep
ac_cv_path_SED=/bin/sed
ac_cv_path_ac_pt_PKG_CONFIG=/usr/bin/pkg-config
ac_cv_path_install='/usr/bin/install -c'
ac_cv_path_lt_DD=/bin/dd
ac_cv_path_mkdir=/bin/mkdir
ac_cv_prog_AWK=gawk
ac_cv_prog_CPP='gcc -E'
ac_cv_prog_CXXCPP='g++ -E'
ac_cv_prog_ac_ct_AR=ar
ac_cv_prog_ac_ct_CC=gcc
ac_cv_prog_ac_ct_CXX=g++
ac_cv_prog_ac_ct_MANIFEST_TOOL=mt
ac_cv_prog_ac_ct_OBJDUMP=objdump
ac_cv_prog_ac_ct_RANLIB=ranlib
ac_cv_prog_ac_ct_STRIP=strip
ac_cv_prog_cc_c89=
ac_cv_prog_cc_g=yes
ac_cv_prog_cxx_g=yes
ac_cv_prog_make_make_set=yes
ac_cv_safe_to_define___extensions__=yes
ac_cv_search_strerror='none required'
am_cv_CC_dependencies_compiler_type=none
am_cv_CXX_dependencies_compiler_type=none
am_cv_make_support_nested_variables=yes
am_cv_prog_cc_c_o=yes
am_cv_prog_tar_ustar=gnutar
lt_cv_ar_at_file=@
lt_cv_archive_cmds_need_lc=no
lt_cv_deplibs_check_method=pass_all
lt_cv_file_magic_cmd='$MAGIC_CMD'
lt_cv_file_magic_test_file=
lt_cv_ld_reload_flag=-r
lt_cv_nm_interface='BSD nm'
lt_cv_objdir=.libs
lt_cv_path_LD=/usr/bin/ld
lt_cv_path_LDCXX='/usr/bin/ld -m elf_x86_64'
lt_cv_path_NM='/usr/bin/nm -B'
lt_cv_path_mainfest_tool=no
lt_cv_prog_compiler_c_o=yes
lt_cv_prog_compiler_c_o_CXX=yes
lt_cv_prog_compiler_pic='-fPIC -DPIC'
lt_cv_prog_compiler_pic_CXX='-fPIC -DPIC'
lt_cv_prog_compiler_pic_works=yes
lt_cv_prog_compiler_pic_works_CXX=yes
lt_cv_prog_compiler_rtti_exceptions=no
lt_cv_prog_compiler_static_works=yes
lt_cv_prog_compiler_static_works_CXX=yes
lt_cv_prog_gnu_ld=yes
lt_cv_prog_gnu_ldcxx=yes
lt_cv_sharedlib_from_linklib_cmd='printf %s\n'
lt_cv_shlibpath_overrides_runpath=yes
lt_cv_sys_global_symbol_pipe='sed -n -e '\''s/^.*[	 ]\([ABCDGIRSTW][ABCDGIRSTW]*\)[	 ][	 ]*\([_A-Za-z][_A-Za-z0-9]*\)$/\1 \2 \2/p'\'' | sed '\''/ __gnu_lto/d'\'''
lt_cv_sys_global_symbol_to_c_name_address='sed -n -e '\''s/^: \(.*\) .*$/  {"\1", (void *) 0},/p'\'' -e '\''s/^[ABCDGIRSTW][ABCDGIRSTW]* .* \(.*\)$/  {"\1", (void *) \&\1},/p'\'''
lt_cv_sys_global_symbol_to_c_name_address_lib_prefix='sed -n -e '\''s/^: \(.*\) .*$/  {"\1", (void *) 0},/p'\'' -e '\''s/^[ABCDGIRSTW][ABCDGIRSTW]* .* \(lib.*\)$/  {"\1", (void *) \&\1},/p'\'' -e '\''s/^[ABCDGIRSTW][ABCDGIRSTW]* .* \(.*\)$/  {"lib\1", (void *) \&\1},/p'\'''
lt_cv_sys_global_symbol_to_cdecl='sed -n -e '\''s/^T .* \(.*\)$/extern int \1();/p'\'' -e '\''s/^[ABCDGIRSTW][ABCDGIRSTW]* .* \(.*\)$/extern char \1;/p'\'''
lt_cv_sys_global_symbol_to_import=
lt_cv_sys_max_cmd_len=1572864
lt_cv_to_host_file_cmd=func_convert_file_noop
lt_cv_to_tool_file_cmd=func_convert_file_noop
lt_cv_truncate_bin='/bin/dd bs=4096 count=1'
pkg_cv_COGL_DEP_CFLAGS='-pthread -I/usr/include/cairo -I/usr/include/pixman-1 -I/usr/include/uuid -I/usr/include/freetype2 -I/usr/include/libpng16 -I/usr/include/gdk-pixbuf-2.0 -I/usr/include/libmount -I/usr/include/blkid -I/usr/include/glib-2.0 -I/usr/lib/x86_64-linux-gnu/glib-2.0/include'
pkg_cv_COGL_DEP_GL_CFLAGS=
pkg_cv_COGL_DEP_GL_LIBS=-lGL
pkg_cv_COGL_DEP_LIBS='-lcairo -lgmodule-2.0 -pthread -lgdk_pixbuf-2.0 -lgobject-2.0 -lglib-2.0 -lEGL -lX11 -lXext -lXdamage -lXfixes -lXcomposite -lXrandr'
pkg_cv_COGL_PANGO_DEP_CFLAGS='-I/usr/include/pango-1.0 -I/usr/include/fribidi -I/usr/include/harfbuzz -I/usr/include/cairo -I/usr/include/glib-2.0 -I/usr/lib/x86_64-linux-gnu/glib-2.0/include -I/usr/include/pixman-1 -I/usr/include/uuid -I/usr/include/freetype2 -I/usr/include/libpng16'
pkg_cv_COGL_PANGO_DEP_LIBS='-lpangocairo-1.0 -lpango-1.0 -lgobject-2.0 -lglib-2.0 -lharfbuzz -lcairo'
pkg_cv_DUMMY_CFLAGS=
pkg_cv_DUMMY_LIBS='-lX11 -lXext -lXdamage -lXfixes -lXcomposite -lXrandr'
pkg_cv_GLIB_CFLAGS='-pthread -I/usr/include/glib-2.0 -I/usr/lib/x86_64-linux-gnu/glib-2.0/include'
pkg_cv_GLIB_COMPILE_RESOURCES=/usr/bin/glib-compile-resources
pkg_cv_GLIB_GENMARSHAL=/usr/bin/glib-genmarshal
pkg_cv_GLIB_LIBS='-lgobject-2.0 -lgthread-2.0 -pthread -lgmodule-2.0 -pthread -lglib-2.0'
pkg_cv_GLIB_MKENUMS=/usr/bin/glib-mkenums
pkg_cv_GOBJECT_QUERY=/usr/bin/gobject-query

## ----------------- ##
## Output variables. ##
## ----------------- ##


#define CLUTTER_COGL_HAS_GL 1
#define COGL_HAS_COGL_PATH_SUPPORT 1
#define COGL_HAS_EGL_PLATFORM_XLIB_SUPPORT 1
#define COGL_HAS_EGL_SUPPORT 1
#define COGL_HAS_GL 1
#define COGL_HAS_GLX_SUPPORT 1
#define COGL_HAS_POLL_SUPPORT 1'
#define COGL_HAS_X11 1
#define COGL_HAS_X11_SUPPORT 1
#define COGL_HAS_XLIB 1
#define COGL_HAS_XLIB_SUPPORT 1
#define COGL_SYSDEF_POLLERR 8
#define COGL_SYSDEF_POLLHUP 16
#define COGL_SYSDEF_POLLIN 1
#define COGL_SYSDEF_POLLNVAL 32
#define COGL_SYSDEF_POLLOUT 4
#define COGL_SYSDEF_POLLPRI 2
#include <EGL/eglext.h>'
#include <GL/gl.h>'
ACLOCAL='${SHELL} /home/kylis/Desktop/src/muffin-4.6.3+ulyana/cogl/build/missing aclocal-1.16'
AMDEPBACKSLASH=''
AMDEP_FALSE=''
AMDEP_TRUE='#'
AMTAR='$${TAR-tar}'
AM_BACKSLASH='\'
AM_DEFAULT_V='$(AM_DEFAULT_VERBOSITY)'
AM_DEFAULT_VERBOSITY='1'
AM_V='$(V)'
AR='ar'
AUTOCONF='${SHELL} /home/kylis/Desktop/src/muffin-4.6.3+ulyana/cogl/build/missing autoconf'
AUTOHEADER='${SHELL} /home/kylis/Desktop/src/muffin-4.6.3+ulyana/cogl/build/missing autoheader'
AUTOMAKE='${SHELL} /home/kylis/Desktop/src/muffin-4.6.3+ulyana/cogl/build/missing automake-1.16'
AWK='gawk'
BUILD_COGL_GLES2_FALSE=''
BUILD_COGL_GLES2_TRUE='#'
BUILD_COGL_PANGO_FALSE='#'
BUILD_COGL_PANGO_TRUE=''
BUILD_COGL_PATH_FALSE='#'
BUILD_COGL_PATH_TRUE=''
CAIRO_REQ_VERSION='1.10'
CC='gcc'
CCDEPMODE='depmode=none'
CFLAGS='-g -O2 -fdebug-prefix-map=/home/kylis/Desktop/src/muffin-4.6.3+ulyana=. -fstack-protector-strong -Wformat -Werror=format-security'
COGL_1_MICRO_VERSION='1'
COGL_1_MINOR_VERSION='22'
COGL_1_VERSION='1.22.1'
COGL_API_VERSION='2.0'
COGL_API_VERSION_AM='2_0'
COGL_DEBUG_CFLAGS=''
COGL_DEFAULT_DRIVER=''
COGL_DEFINES='
COGL_DEP_CFLAGS='-pthread -I/usr/include/cairo -I/usr/include/pixman-1 -I/usr/include/uuid -I/usr/include/freetype2 -I/usr/include/libpng16 -I/usr/include/gdk-pixbuf-2.0 -I/usr/include/libmount -I/usr/include/blkid -I/usr/include/glib-2.0 -I/usr/lib/x86_64-linux-gnu/glib-2.0/include '
COGL_DEP_GL_CFLAGS=''
COGL_DEP_GL_LIBS='-lGL'
COGL_DEP_LIBS='-lcairo -lgmodule-2.0 -pthread -lgdk_pixbuf-2.0 -lgobject-2.0 -lglib-2.0 -lEGL -lX11 -lXext -lXdamage -lXfixes -lXcomposite -lXrandr '
COGL_DRIVER_GLES_SUPPORTED_FALSE=''
COGL_DRIVER_GLES_SUPPORTED_TRUE='#'
COGL_DRIVER_GL_SUPPORTED_FALSE='#'
COGL_DRIVER_GL_SUPPORTED_TRUE=''
COGL_EGL_INCLUDES='#include <EGL/egl.h>
COGL_EXTRA_CFLAGS=' -DCOGL_GL_DEBUG -DCOGL_OBJECT_DEBUG -DCOGL_ENABLE_DEBUG -Wall -Wcast-align -Wformat -Wformat-security -Werror=uninitialized -Werror=empty-body -Werror=init-self -Werror=undef -Werror=declaration-after-statement -Werror=vla -Werror=pointer-arith -Werror=missing-declarations -Werror=maybe-uninitialized -Wno-error=sign-compare -DG_DISABLE_DEPRECATED -DG_DISABLE_SINGLE_INCLUDES'
COGL_EXTRA_LDFLAGS=''
COGL_GLES1_LIBNAME=''
COGL_GLES2_LIBNAME=''
COGL_GL_HEADER_INCLUDES='
COGL_GL_LIBNAME='libGL.so.1'
COGL_GST_DEP_CFLAGS=''
COGL_GST_DEP_LIBS=''
COGL_LT_AGE='4'
COGL_LT_CURRENT='24'
COGL_LT_RELEASE='2.0.0'
COGL_LT_REVISION='1'
COGL_MAJOR_VERSION='2'
COGL_MICRO_VERSION='0'
COGL_MINOR_VERSION='0'
COGL_PANGO_DEP_CFLAGS='-I/usr/include/pango-1.0 -I/usr/include/fribidi -I/usr/include/harfbuzz -I/usr/include/cairo -I/usr/include/glib-2.0 -I/usr/lib/x86_64-linux-gnu/glib-2.0/include -I/usr/include/pixman-1 -I/usr/include/uuid -I/usr/include/freetype2 -I/usr/include/libpng16'
COGL_PANGO_DEP_LIBS='-lpangocairo-1.0 -lpango-1.0 -lgobject-2.0 -lglib-2.0 -lharfbuzz -lcairo'
COGL_PANGO_PKG_REQUIRES=' pangocairo >= 1.20'
COGL_PKG_REQUIRES=' cairo >= 1.10 gobject-2.0 gmodule-no-export-2.0 gdk-pixbuf-2.0 >= 2.0 egl x11 xext xfixes >= 3 xdamage xcomposite >= 0.4 xrandr >= 1.2'
COGL_RELEASE_STATUS='git'
COGL_VERSION='2.0.0'
CPP='gcc -E'
CPPFLAGS='-Wdate-time -D_FORTIFY_SOURCE=2'
CXX='g++'
CXXCPP='g++ -E'
CXXDEPMODE='depmode=none'
CXXFLAGS='-g -O2 -fdebug-prefix-map=/home/kylis/Desktop/src/muffin-4.6.3+ulyana=. -fstack-protector-strong -Wformat -Werror=format-security'
CYGPATH_W='echo'
DEFS='-DHAVE_CONFIG_H'
DEPDIR='.deps'
DLLTOOL='false'
DSYMUTIL=''
DUMMY_CFLAGS=''
DUMMY_LIBS='-lX11 -lXext -lXdamage -lXfixes -lXcomposite -lXrandr'
DUMPBIN=''
ECHO_C=''
ECHO_N='-n'
ECHO_T=''
EGREP='/bin/grep -E'
ENABLE_INSTALLED_TESTS_FALSE=''
ENABLE_INSTALLED_TESTS_TRUE='#'
EXEEXT=''
FGREP='/bin/grep -F'
GDKPIXBUF_PREFIX='/usr'
GDK_PIXBUF_REQ_VERSION='2.0'
GI_REQ_VERSION='0.9.5'
GLIB_CFLAGS='-pthread -I/usr/include/glib-2.0 -I/usr/lib/x86_64-linux-gnu/glib-2.0/include'
GLIB_COMPILE_RESOURCES='/usr/bin/glib-compile-resources'
GLIB_GENMARSHAL='/usr/bin/glib-genmarshal'
GLIB_LIBS='-lgobject-2.0 -lgthread-2.0 -pthread -lgmodule-2.0 -pthread -lglib-2.0'
GLIB_MKENUMS='/usr/bin/glib-mkenums'
GLIB_PREFIX='/usr'
GLIB_REQ_VERSION='2.32.0'
GOBJECT_QUERY='/usr/bin/gobject-query'
GREP='/bin/grep'
HAVE_COGL_DEFAULT_DRIVER_FALSE=''
HAVE_COGL_DEFAULT_DRIVER_TRUE='#'
HAVE_GL='1'
HAVE_GLES1='0'
HAVE_GLES2='0'
HAVE_INTROSPECTION_FALSE='#'
HAVE_INTROSPECTION_TRUE=''
INSTALL_DATA='${INSTALL} -m 644'
INSTALL_PROGRAM='${INSTALL}'
INSTALL_SCRIPT='${INSTALL}'
INSTALL_STRIP_PROGRAM='$(install_sh) -c -s'
INTROSPECTION_CFLAGS='-pthread -I/usr/include/gobject-introspection-1.0 -I/usr/include/glib-2.0 -I/usr/lib/x86_64-linux-gnu/glib-2.0/include'
INTROSPECTION_COMPILER='/usr/bin/g-ir-compiler'
INTROSPECTION_GENERATE='/usr/bin/g-ir-generate'
INTROSPECTION_GIRDIR='/usr/share/gir-1.0'
INTROSPECTION_LIBS='-lgirepository-1.0 -lgobject-2.0 -lglib-2.0'
INTROSPECTION_MAKEFILE='/usr/share/gobject-introspection-1.0/Makefile.introspection'
INTROSPECTION_SCANNER='/usr/bin/g-ir-scanner'
INTROSPECTION_TYPELIBDIR='/usr/lib/x86_64-linux-gnu/girepository-1.0'
LD='/usr/bin/ld -m elf_x86_64'
LDFLAGS='-Wl,-Bsymbolic-functions -Wl,-z,relro -Wl,--as-needed'
LIBM='-lm'
LIBOBJS=''
LIBS=''
LIBTOOL='$(SHELL) $(top_builddir)/libtool'
LIPO=''
LN_S='ln -s'
LTLIBOBJS=''
LT_SYS_LIBRARY_PATH=''
MAINTAINER_CFLAGS=''
MAKEINFO='${SHELL} /home/kylis/Desktop/src/muffin-4.6.3+ulyana/cogl/build/missing makeinfo'
MANIFEST_TOOL=':'
MKDIR_P='/bin/mkdir -p'
MUFFIN_PLUGIN_API_VERSION='0'
MUFFIN_VERSION='4.6.3'
NM='/usr/bin/nm -B'
NMEDIT=''
OBJDUMP='objdump'
OBJEXT='o'
OTOOL64=''
OTOOL=''
PACKAGE='cogl'
PACKAGE_BUGREPORT=''
PACKAGE_NAME='cogl'
PACKAGE_STRING='cogl 1.22.1'
PACKAGE_TARNAME='cogl'
PACKAGE_URL=''
PACKAGE_VERSION='1.22.1'
PANGOCAIRO_REQ_VERSION='1.20'
PATH_SEPARATOR=':'
PKG_CONFIG='/usr/bin/pkg-config'
PKG_CONFIG_LIBDIR=''
PKG_CONFIG_PATH=''
PROFILE_FALSE=''
PROFILE_TRUE='#'
RANLIB='ranlib'
SED='/bin/sed'
SET_MAKE=''
SHELL='/bin/bash'
STRIP='strip'
SUPPORT_EGL_FALSE='#'
SUPPORT_EGL_PLATFORM_KMS_FALSE=''
SUPPORT_EGL_PLATFORM_KMS_TRUE='#'
SUPPORT_EGL_PLATFORM_XLIB_FALSE='#'
SUPPORT_EGL_PLATFORM_XLIB_TRUE=''
SUPPORT_EGL_TRUE=''
SUPPORT_GLX_FALSE='#'
SUPPORT_GLX_TRUE=''
SUPPORT_WAYLAND_EGL_SERVER_FALSE=''
SUPPORT_WAYLAND_EGL_SERVER_TRUE='#'
SUPPORT_X11_FALSE='#'
SUPPORT_X11_TRUE=''
SUPPORT_XLIB_FALSE='#'
SUPPORT_XLIB_TRUE=''
UNIT_TESTS_FALSE='#'
UNIT_TESTS_TRUE=''
UPROF_REQ_VERSION='0.3'
VERSION='1.22.1'
WAYLAND_SERVER_CFLAGS=''
WAYLAND_SERVER_LIBS=''
WAYLAND_SERVER_REQ_VERSION='1.1.90'
X11_TESTS_FALSE='#'
X11_TESTS_TRUE=''
XCOMPOSITE_REQ_VERSION='0.4'
XFIXES_REQ_VERSION='3'
XMKMF=''
ac_ct_AR='ar'
ac_ct_CC='gcc'
ac_ct_CXX='g++'
ac_ct_DUMPBIN=''
am__EXEEXT_FALSE=''
am__EXEEXT_TRUE='#'
am__fastdepCC_FALSE=''
am__fastdepCC_TRUE='#'
am__fastdepCXX_FALSE=''
am__fastdepCXX_TRUE='#'
am__include='include'
am__isrc=''
am__leading_dot='.'
am__nodep=''
am__quote=''
am__tar='tar --format=ustar -chf - "$$tardir"'
am__untar='tar -xf -'
bindir='${exec_prefix}/bin'
build='x86_64-pc-linux-gnu'
build_alias='x86_64-linux-gnu'
build_cpu='x86_64'
build_os='linux-gnu'
build_vendor='pc'
datadir='${datarootdir}'
datarootdir='${prefix}/share'
docdir='${datarootdir}/doc/${PACKAGE_TARNAME}'
dvidir='${docdir}'
exec_prefix='${prefix}'
host='x86_64-pc-linux-gnu'
host_alias=''
host_cpu='x86_64'
host_os='linux-gnu'
host_vendor='pc'
htmldir='${docdir}'
includedir='${prefix}/include'
infodir='${prefix}/share/info'
install_sh='${SHELL} /home/kylis/Desktop/src/muffin-4.6.3+ulyana/cogl/build/install-sh'
libdir='${prefix}/lib/x86_64-linux-gnu'
libexecdir='${prefix}/libexec'
localedir='${datarootdir}/locale'
localstatedir='/var'
mandir='${prefix}/share/man'
mkdir_p='$(MKDIR_P)'
oldincludedir='/usr/include'
pdfdir='${docdir}'
prefix='/usr'
program_transform_name='s,x,x,'
psdir='${docdir}'
runstatedir='${localstatedir}/run'
sbindir='${exec_prefix}/sbin'
sharedstatedir='${prefix}/com'
sysconfdir='/etc'
target_alias=''

## ----------- ##
## confdefs.h. ##
## ----------- ##

/* confdefs.h */
#define PACKAGE_NAME "cogl"
#define PACKAGE_TARNAME "cogl"
#define PACKAGE_VERSION "1.22.1"
#define PACKAGE_STRING "cogl 1.22.1"
#define PACKAGE_BUGREPORT ""
#define PACKAGE_URL ""
#define STDC_HEADERS 1
#define HAVE_SYS_TYPES_H 1
#define HAVE_SYS_STAT_H 1
#define HAVE_STDLIB_H 1
#define HAVE_STRING_H 1
#define HAVE_MEMORY_H 1
#define HAVE_STRINGS_H 1
#define HAVE_INTTYPES_H 1
#define HAVE_STDINT_H 1
#define HAVE_UNISTD_H 1
#define __EXTENSIONS__ 1
#define _ALL_SOURCE 1
#define _GNU_SOURCE 1
#define _POSIX_PTHREAD_SEMANTICS 1
#define _TANDEM_SOURCE 1
#define HAVE_STATIC_ASSERT 1
#define HAVE_DLFCN_H 1
#define LT_OBJDIR ".libs/"
#define ENABLE_UNIT_TESTS 1
#define HAVE_CAIRO 1
#define HAVE_COGL_GL 1
#define STDC_HEADERS 1
#define HAVE_FCNTL_H 1
#define HAVE_LIMITS_H 1
#define HAVE_UNISTD_H 1
#define HAVE_FLOAT_WORD_ORDER 1
#define HAVE_FFS 1
#define HAVE_MEMMEM 1
#define HAVE_SINCOS 1

configure: exit 0
